╦ ╦┌─┐┌─┐┬  ┌─┐╔═╗┌─┐┬─┐┌┬┐
╠═╣├─┤├─┘│  │ │║  ├─┤├┬┘ │
╩ ╩┴ ┴┴  ┴─┘└─┘╚═╝┴ ┴┴└─ ┴


Predicting sample: stdin
Using 1 threads
╦ ╦┌─┐┌─┐┬  ┌─┐╔═╗┌─┐┬─┐┌┬┐
╠═╣├─┤├─┘│  │ │║  ├─┤├┬┘ │
╩ ╩┴ ┴┴  ┴─┘└─┘╚═╝┴ ┴┴└─ ┴


Predicting sample: stdin
Using 1 threads
Processing sample 1 of 1
Mapping reads...
Reading GAM file Lj1vj9A
╦ ╦┌─┐┌─┐┬  ┌─┐╔═╗┌─┐┬─┐┌┬┐
╠═╣├─┤├─┘│  │ │║  ├─┤├┬┘ │
╩ ╩┴ ┴┴  ┴─┘└─┘╚═╝┴ ┴┴└─ ┴


Predicting sample: stdin
Using 1 threads
Processing sample 1 of 1
Mapping reads...
Reading GAM file YojQYVD
Reads mapped
Done reading GAM file /tmp/Lj1vj9A
Found 260 reads.
Removing PCR duplicates ...
PCR duplicates removed.
Computing haplogroup likelihoods from 255 reads.
Reads mapped
Done reading GAM file /tmp/YojQYVD
Found 260 reads.
Removing PCR duplicates ...
PCR duplicates removed.
Computing haplogroup likelihoods from 255 reads.


#sample	predicted haplogroup	reads
stdin	X2b'd	255


#sample	predicted haplogroup	reads
stdin	X2b13	255
