╦ ╦┌─┐┌─┐┬  ┌─┐╔═╗┌─┐┬─┐┌┬┐
╠═╣├─┤├─┘│  │ │║  ├─┤├┬┘ │
╩ ╩┴ ┴┴  ┴─┘└─┘╚═╝┴ ┴┴└─ ┴


Predicting sample: stdin
Using 1 threads
╦ ╦┌─┐┌─┐┬  ┌─┐╔═╗┌─┐┬─┐┌┬┐
╠═╣├─┤├─┘│  │ │║  ├─┤├┬┘ │
╩ ╩┴ ┴┴  ┴─┘└─┘╚═╝┴ ┴┴└─ ┴


Predicting sample: stdin
Using 1 threads
Processing sample 1 of 1
Mapping reads...
Reading GAM file HPK2VnD
╦ ╦┌─┐┌─┐┬  ┌─┐╔═╗┌─┐┬─┐┌┬┐
╠═╣├─┤├─┘│  │ │║  ├─┤├┬┘ │
╩ ╩┴ ┴┴  ┴─┘└─┘╚═╝┴ ┴┴└─ ┴


Predicting sample: stdin
Using 1 threads
Processing sample 1 of 1
Mapping reads...
Reading GAM file IqPAiBJ
Reads mapped
Done reading GAM file /tmp/HPK2VnD
Found 136 reads.
Removing PCR duplicates ...
PCR duplicates removed.
Computing haplogroup likelihoods from 134 reads.
Reads mapped
Done reading GAM file /tmp/IqPAiBJ
Found 136 reads.
Removing PCR duplicates ...
PCR duplicates removed.
Computing haplogroup likelihoods from 134 reads.


#sample	predicted haplogroup	reads
stdin	X2b4a1	134


#sample	predicted haplogroup	reads
stdin	X2b4a1	134
