╦ ╦┌─┐┌─┐┬  ┌─┐╔═╗┌─┐┬─┐┌┬┐
╠═╣├─┤├─┘│  │ │║  ├─┤├┬┘ │
╩ ╩┴ ┴┴  ┴─┘└─┘╚═╝┴ ┴┴└─ ┴


Predicting sample: stdin
Using 1 threads
╦ ╦┌─┐┌─┐┬  ┌─┐╔═╗┌─┐┬─┐┌┬┐
╠═╣├─┤├─┘│  │ │║  ├─┤├┬┘ │
╩ ╩┴ ┴┴  ┴─┘└─┘╚═╝┴ ┴┴└─ ┴


Predicting sample: stdin
Using 1 threads
Processing sample 1 of 1
Mapping reads...
Reading GAM file TGPhXHx
╦ ╦┌─┐┌─┐┬  ┌─┐╔═╗┌─┐┬─┐┌┬┐
╠═╣├─┤├─┘│  │ │║  ├─┤├┬┘ │
╩ ╩┴ ┴┴  ┴─┘└─┘╚═╝┴ ┴┴└─ ┴


Predicting sample: stdin
Using 1 threads
Processing sample 1 of 1
Mapping reads...
Reading GAM file yT3ycGU
Reads mapped
Done reading GAM file /tmp/TGPhXHx
Found 187 reads.
Removing PCR duplicates ...
PCR duplicates removed.
Computing haplogroup likelihoods from 184 reads.
Reads mapped
Done reading GAM file /tmp/yT3ycGU
Found 187 reads.
Removing PCR duplicates ...
PCR duplicates removed.
Computing haplogroup likelihoods from 184 reads.


#sample	predicted haplogroup	reads
stdin	U4a1	184


#sample	predicted haplogroup	reads
stdin	U4a1	184
