╦ ╦┌─┐┌─┐┬  ┌─┐╔═╗┌─┐┬─┐┌┬┐
╠═╣├─┤├─┘│  │ │║  ├─┤├┬┘ │
╩ ╩┴ ┴┴  ┴─┘└─┘╚═╝┴ ┴┴└─ ┴


Predicting sample: stdin
Using 1 threads
╦ ╦┌─┐┌─┐┬  ┌─┐╔═╗┌─┐┬─┐┌┬┐
╠═╣├─┤├─┘│  │ │║  ├─┤├┬┘ │
╩ ╩┴ ┴┴  ┴─┘└─┘╚═╝┴ ┴┴└─ ┴


Predicting sample: stdin
Using 1 threads
Processing sample 1 of 1
Mapping reads...
Reading GAM file 6iHzVMp
╦ ╦┌─┐┌─┐┬  ┌─┐╔═╗┌─┐┬─┐┌┬┐
╠═╣├─┤├─┘│  │ │║  ├─┤├┬┘ │
╩ ╩┴ ┴┴  ┴─┘└─┘╚═╝┴ ┴┴└─ ┴


Predicting sample: stdin
Using 1 threads
Processing sample 1 of 1
Mapping reads...
Reading GAM file vNMK75o
Reads mapped
Done reading GAM file /tmp/6iHzVMp
Found 368 reads.
Removing PCR duplicates ...
PCR duplicates removed.
Computing haplogroup likelihoods from 363 reads.
Reads mapped
Done reading GAM file /tmp/vNMK75o
Found 368 reads.
Removing PCR duplicates ...
PCR duplicates removed.
Computing haplogroup likelihoods from 363 reads.


#sample	predicted haplogroup	reads
stdin	U4a1	363


#sample	predicted haplogroup	reads
stdin	U4a1	363
