╦ ╦┌─┐┌─┐┬  ┌─┐╔═╗┌─┐┬─┐┌┬┐
╠═╣├─┤├─┘│  │ │║  ├─┤├┬┘ │
╩ ╩┴ ┴┴  ┴─┘└─┘╚═╝┴ ┴┴└─ ┴


Predicting sample: stdin
Using 1 threads
Processing sample 1 of 1
Mapping reads...
Reading GAM file T8qvrEM
Reads mapped
Done reading GAM file /tmp/T8qvrEM
Found 85 reads.
Removing PCR duplicates ...
PCR duplicates removed.
Computing haplogroup likelihoods from 84 reads.


#sample	predicted haplogroup	reads
stdin	U4a2d	84
╦ ╦┌─┐┌─┐┬  ┌─┐╔═╗┌─┐┬─┐┌┬┐
╠═╣├─┤├─┘│  │ │║  ├─┤├┬┘ │
╩ ╩┴ ┴┴  ┴─┘└─┘╚═╝┴ ┴┴└─ ┴


Predicting sample: stdin
Using 1 threads
Processing sample 1 of 1
Mapping reads...
Reading GAM file VrPFVch
╦ ╦┌─┐┌─┐┬  ┌─┐╔═╗┌─┐┬─┐┌┬┐
╠═╣├─┤├─┘│  │ │║  ├─┤├┬┘ │
╩ ╩┴ ┴┴  ┴─┘└─┘╚═╝┴ ┴┴└─ ┴


Predicting sample: stdin
Using 1 threads
Processing sample 1 of 1
Mapping reads...
Reading GAM file pTB0HQN
Reads mapped
Done reading GAM file /tmp/VrPFVch
Found 85 reads.
Removing PCR duplicates ...
PCR duplicates removed.
Computing haplogroup likelihoods from 84 reads.
Reads mapped
Done reading GAM file /tmp/pTB0HQN
Found 85 reads.
Removing PCR duplicates ...
PCR duplicates removed.
Computing haplogroup likelihoods from 84 reads.


#sample	predicted haplogroup	reads
stdin	U4a2d	84


#sample	predicted haplogroup	reads
stdin	U4a2d	84
