╦ ╦┌─┐┌─┐┬  ┌─┐╔═╗┌─┐┬─┐┌┬┐
╠═╣├─┤├─┘│  │ │║  ├─┤├┬┘ │
╩ ╩┴ ┴┴  ┴─┘└─┘╚═╝┴ ┴┴└─ ┴


Predicting sample: stdin
Using 1 threads
╦ ╦┌─┐┌─┐┬  ┌─┐╔═╗┌─┐┬─┐┌┬┐
╠═╣├─┤├─┘│  │ │║  ├─┤├┬┘ │
╩ ╩┴ ┴┴  ┴─┘└─┘╚═╝┴ ┴┴└─ ┴


Predicting sample: stdin
Using 1 threads
Processing sample 1 of 1
Mapping reads...
Reading GAM file HtpvJTm
╦ ╦┌─┐┌─┐┬  ┌─┐╔═╗┌─┐┬─┐┌┬┐
╠═╣├─┤├─┘│  │ │║  ├─┤├┬┘ │
╩ ╩┴ ┴┴  ┴─┘└─┘╚═╝┴ ┴┴└─ ┴


Predicting sample: stdin
Using 1 threads
Processing sample 1 of 1
Mapping reads...
Reading GAM file G35PIoA
Reads mapped
Done reading GAM file /tmp/HtpvJTm
Found 139 reads.
Removing PCR duplicates ...
PCR duplicates removed.
Computing haplogroup likelihoods from 139 reads.
Reads mapped
Done reading GAM file /tmp/G35PIoA
Found 139 reads.
Removing PCR duplicates ...
PCR duplicates removed.
Computing haplogroup likelihoods from 139 reads.


#sample	predicted haplogroup	reads
stdin	I1	139


#sample	predicted haplogroup	reads
stdin	I1	139
