╦ ╦┌─┐┌─┐┬  ┌─┐╔═╗┌─┐┬─┐┌┬┐
╠═╣├─┤├─┘│  │ │║  ├─┤├┬┘ │
╩ ╩┴ ┴┴  ┴─┘└─┘╚═╝┴ ┴┴└─ ┴


Predicting sample: stdin
Using 1 threads
Processing sample 1 of 1
Mapping reads...
Reading GAM file Mmn6lWA
Reads mapped
Done reading GAM file /tmp/Mmn6lWA
Found 38 reads.
Removing PCR duplicates ...
PCR duplicates removed.
Computing haplogroup likelihoods from 38 reads.


#sample	predicted haplogroup	reads
stdin	I1	38
╦ ╦┌─┐┌─┐┬  ┌─┐╔═╗┌─┐┬─┐┌┬┐
╠═╣├─┤├─┘│  │ │║  ├─┤├┬┘ │
╩ ╩┴ ┴┴  ┴─┘└─┘╚═╝┴ ┴┴└─ ┴


Predicting sample: stdin
Using 1 threads
Processing sample 1 of 1
Mapping reads...
Reading GAM file 5AiqOn3
╦ ╦┌─┐┌─┐┬  ┌─┐╔═╗┌─┐┬─┐┌┬┐
╠═╣├─┤├─┘│  │ │║  ├─┤├┬┘ │
╩ ╩┴ ┴┴  ┴─┘└─┘╚═╝┴ ┴┴└─ ┴


Predicting sample: stdin
Using 1 threads
Reads mapped
Done reading GAM file /tmp/5AiqOn3
Found 38 reads.
Removing PCR duplicates ...
PCR duplicates removed.
Computing haplogroup likelihoods from 38 reads.
Processing sample 1 of 1
Mapping reads...
Reading GAM file KdvJyi6
Reads mapped
Done reading GAM file /tmp/KdvJyi6
Found 38 reads.
Removing PCR duplicates ...
PCR duplicates removed.


#sample	predicted haplogroup	reads
stdin	I1	38
Computing haplogroup likelihoods from 38 reads.


#sample	predicted haplogroup	reads
stdin	I1	38
