╦ ╦┌─┐┌─┐┬  ┌─┐╔═╗┌─┐┬─┐┌┬┐
╠═╣├─┤├─┘│  │ │║  ├─┤├┬┘ │
╩ ╩┴ ┴┴  ┴─┘└─┘╚═╝┴ ┴┴└─ ┴


Predicting sample: stdin
Using 1 threads
Processing sample 1 of 1
Mapping reads...
Reading GAM file g4Bsocp
Reads mapped
Done reading GAM file /tmp/g4Bsocp
Found 70 reads.
Removing PCR duplicates ...
PCR duplicates removed.
Computing haplogroup likelihoods from 70 reads.


#sample	predicted haplogroup	reads
stdin	I1	70
╦ ╦┌─┐┌─┐┬  ┌─┐╔═╗┌─┐┬─┐┌┬┐
╠═╣├─┤├─┘│  │ │║  ├─┤├┬┘ │
╩ ╩┴ ┴┴  ┴─┘└─┘╚═╝┴ ┴┴└─ ┴


Predicting sample: stdin
Using 1 threads
Processing sample 1 of 1
Mapping reads...
Reading GAM file 9e6Fqgc
╦ ╦┌─┐┌─┐┬  ┌─┐╔═╗┌─┐┬─┐┌┬┐
╠═╣├─┤├─┘│  │ │║  ├─┤├┬┘ │
╩ ╩┴ ┴┴  ┴─┘└─┘╚═╝┴ ┴┴└─ ┴


Predicting sample: stdin
Using 1 threads
Processing sample 1 of 1
Mapping reads...
Reading GAM file VfISwK3
Reads mapped
Done reading GAM file /tmp/9e6Fqgc
Found 70 reads.
Removing PCR duplicates ...
PCR duplicates removed.
Computing haplogroup likelihoods from 70 reads.
Reads mapped
Done reading GAM file /tmp/VfISwK3
Found 70 reads.
Removing PCR duplicates ...
PCR duplicates removed.
Computing haplogroup likelihoods from 70 reads.


#sample	predicted haplogroup	reads
stdin	I1	70


#sample	predicted haplogroup	reads
stdin	I1	70
