╦ ╦┌─┐┌─┐┬  ┌─┐╔═╗┌─┐┬─┐┌┬┐
╠═╣├─┤├─┘│  │ │║  ├─┤├┬┘ │
╩ ╩┴ ┴┴  ┴─┘└─┘╚═╝┴ ┴┴└─ ┴


Predicting sample: stdin
Using 1 threads
╦ ╦┌─┐┌─┐┬  ┌─┐╔═╗┌─┐┬─┐┌┬┐
╠═╣├─┤├─┘│  │ │║  ├─┤├┬┘ │
╩ ╩┴ ┴┴  ┴─┘└─┘╚═╝┴ ┴┴└─ ┴


Predicting sample: stdin
Using 1 threads
Processing sample 1 of 1
Mapping reads...
Reading GAM file xGakQFh
╦ ╦┌─┐┌─┐┬  ┌─┐╔═╗┌─┐┬─┐┌┬┐
╠═╣├─┤├─┘│  │ │║  ├─┤├┬┘ │
╩ ╩┴ ┴┴  ┴─┘└─┘╚═╝┴ ┴┴└─ ┴


Predicting sample: stdin
Using 1 threads
Processing sample 1 of 1
Mapping reads...
Reading GAM file bWUXmO7
Reads mapped
Done reading GAM file /tmp/xGakQFh
Found 313 reads.
Removing PCR duplicates ...
PCR duplicates removed.
Computing haplogroup likelihoods from 313 reads.
Reads mapped
Done reading GAM file /tmp/bWUXmO7
Found 313 reads.
Removing PCR duplicates ...
PCR duplicates removed.
Computing haplogroup likelihoods from 313 reads.


#sample	predicted haplogroup	reads
stdin	I1	313


#sample	predicted haplogroup	reads
stdin	I1	313
