╦ ╦┌─┐┌─┐┬  ┌─┐╔═╗┌─┐┬─┐┌┬┐
╠═╣├─┤├─┘│  │ │║  ├─┤├┬┘ │
╩ ╩┴ ┴┴  ┴─┘└─┘╚═╝┴ ┴┴└─ ┴


Predicting sample: stdin
Using 1 threads
╦ ╦┌─┐┌─┐┬  ┌─┐╔═╗┌─┐┬─┐┌┬┐
╠═╣├─┤├─┘│  │ │║  ├─┤├┬┘ │
╩ ╩┴ ┴┴  ┴─┘└─┘╚═╝┴ ┴┴└─ ┴


Predicting sample: stdin
Using 1 threads
Processing sample 1 of 1
Mapping reads...
Reading GAM file jQQBHH7
╦ ╦┌─┐┌─┐┬  ┌─┐╔═╗┌─┐┬─┐┌┬┐
╠═╣├─┤├─┘│  │ │║  ├─┤├┬┘ │
╩ ╩┴ ┴┴  ┴─┘└─┘╚═╝┴ ┴┴└─ ┴


Predicting sample: stdin
Using 1 threads
Processing sample 1 of 1
Mapping reads...
Reading GAM file vCahE6V
Reads mapped
Done reading GAM file /tmp/jQQBHH7
Found 365 reads.
Removing PCR duplicates ...
PCR duplicates removed.
Computing haplogroup likelihoods from 363 reads.
Reads mapped
Done reading GAM file /tmp/vCahE6V
Found 365 reads.
Removing PCR duplicates ...
PCR duplicates removed.
Computing haplogroup likelihoods from 363 reads.


#sample	predicted haplogroup	reads
stdin	U5a1b1e	363


#sample	predicted haplogroup	reads
stdin	U5a1b1e	363
