╦ ╦┌─┐┌─┐┬  ┌─┐╔═╗┌─┐┬─┐┌┬┐
╠═╣├─┤├─┘│  │ │║  ├─┤├┬┘ │
╩ ╩┴ ┴┴  ┴─┘└─┘╚═╝┴ ┴┴└─ ┴


Predicting sample: stdin
Using 1 threads
Processing sample 1 of 1
Mapping reads...
Reading GAM file JV0dM9F
Reads mapped
Done reading GAM file /tmp/JV0dM9F
Found 43 reads.
Removing PCR duplicates ...
PCR duplicates removed.
Computing haplogroup likelihoods from 43 reads.


#sample	predicted haplogroup	reads
stdin	C1	43
╦ ╦┌─┐┌─┐┬  ┌─┐╔═╗┌─┐┬─┐┌┬┐
╠═╣├─┤├─┘│  │ │║  ├─┤├┬┘ │
╩ ╩┴ ┴┴  ┴─┘└─┘╚═╝┴ ┴┴└─ ┴


Predicting sample: stdin
Using 1 threads
Processing sample 1 of 1
Mapping reads...
Reading GAM file KVG0AzY
╦ ╦┌─┐┌─┐┬  ┌─┐╔═╗┌─┐┬─┐┌┬┐
╠═╣├─┤├─┘│  │ │║  ├─┤├┬┘ │
╩ ╩┴ ┴┴  ┴─┘└─┘╚═╝┴ ┴┴└─ ┴


Predicting sample: stdin
Using 1 threads
Reads mapped
Done reading GAM file /tmp/KVG0AzY
Found 43 reads.
Removing PCR duplicates ...
PCR duplicates removed.
Computing haplogroup likelihoods from 43 reads.
Processing sample 1 of 1
Mapping reads...
Reading GAM file efm9b10


#sample	predicted haplogroup	reads
stdin	C1	43
Reads mapped
Done reading GAM file /tmp/efm9b10
Found 43 reads.
Removing PCR duplicates ...
PCR duplicates removed.
Computing haplogroup likelihoods from 43 reads.


#sample	predicted haplogroup	reads
stdin	C1	43
