╦ ╦┌─┐┌─┐┬  ┌─┐╔═╗┌─┐┬─┐┌┬┐
╠═╣├─┤├─┘│  │ │║  ├─┤├┬┘ │
╩ ╩┴ ┴┴  ┴─┘└─┘╚═╝┴ ┴┴└─ ┴


Predicting sample: stdin
Using 1 threads
╦ ╦┌─┐┌─┐┬  ┌─┐╔═╗┌─┐┬─┐┌┬┐
╠═╣├─┤├─┘│  │ │║  ├─┤├┬┘ │
╩ ╩┴ ┴┴  ┴─┘└─┘╚═╝┴ ┴┴└─ ┴


Predicting sample: stdin
Using 1 threads
Processing sample 1 of 1
Mapping reads...
Reading GAM file JA2hw75
╦ ╦┌─┐┌─┐┬  ┌─┐╔═╗┌─┐┬─┐┌┬┐
╠═╣├─┤├─┘│  │ │║  ├─┤├┬┘ │
╩ ╩┴ ┴┴  ┴─┘└─┘╚═╝┴ ┴┴└─ ┴


Predicting sample: stdin
Using 1 threads
Processing sample 1 of 1
Mapping reads...
Reading GAM file 9UD6qAH
Reads mapped
Done reading GAM file /tmp/JA2hw75
Found 177 reads.
Removing PCR duplicates ...
PCR duplicates removed.
Computing haplogroup likelihoods from 177 reads.
Reads mapped
Done reading GAM file /tmp/9UD6qAH
Found 177 reads.
Removing PCR duplicates ...
PCR duplicates removed.
Computing haplogroup likelihoods from 177 reads.


#sample	predicted haplogroup	reads
stdin	U5a1b1	177


#sample	predicted haplogroup	reads
stdin	U5a1b1	177
