╦ ╦┌─┐┌─┐┬  ┌─┐╔═╗┌─┐┬─┐┌┬┐
╠═╣├─┤├─┘│  │ │║  ├─┤├┬┘ │
╩ ╩┴ ┴┴  ┴─┘└─┘╚═╝┴ ┴┴└─ ┴


Predicting sample: stdin
Using 1 threads
╦ ╦┌─┐┌─┐┬  ┌─┐╔═╗┌─┐┬─┐┌┬┐
╠═╣├─┤├─┘│  │ │║  ├─┤├┬┘ │
╩ ╩┴ ┴┴  ┴─┘└─┘╚═╝┴ ┴┴└─ ┴


Predicting sample: stdin
Using 1 threads
Processing sample 1 of 1
Mapping reads...
Reading GAM file kCLTgn8
╦ ╦┌─┐┌─┐┬  ┌─┐╔═╗┌─┐┬─┐┌┬┐
╠═╣├─┤├─┘│  │ │║  ├─┤├┬┘ │
╩ ╩┴ ┴┴  ┴─┘└─┘╚═╝┴ ┴┴└─ ┴


Predicting sample: stdin
Using 1 threads
Processing sample 1 of 1
Mapping reads...
Reading GAM file McId1w5
Reads mapped
Done reading GAM file /tmp/kCLTgn8
Found 157 reads.
Removing PCR duplicates ...
PCR duplicates removed.
Computing haplogroup likelihoods from 156 reads.
Reads mapped
Done reading GAM file /tmp/McId1w5
Found 157 reads.
Removing PCR duplicates ...
PCR duplicates removed.
Computing haplogroup likelihoods from 156 reads.


#sample	predicted haplogroup	reads
stdin	C4b1	156


#sample	predicted haplogroup	reads
stdin	C4b1	156
