╦ ╦┌─┐┌─┐┬  ┌─┐╔═╗┌─┐┬─┐┌┬┐
╠═╣├─┤├─┘│  │ │║  ├─┤├┬┘ │
╩ ╩┴ ┴┴  ┴─┘└─┘╚═╝┴ ┴┴└─ ┴


Predicting sample: stdin
Using 1 threads
Processing sample 1 of 1
Mapping reads...
Reading GAM file BzF96LH
Reads mapped
Done reading GAM file /tmp/BzF96LH
Found 84 reads.
Removing PCR duplicates ...
PCR duplicates removed.
Computing haplogroup likelihoods from 84 reads.


#sample	predicted haplogroup	reads
stdin	U5a1b1	84
╦ ╦┌─┐┌─┐┬  ┌─┐╔═╗┌─┐┬─┐┌┬┐
╠═╣├─┤├─┘│  │ │║  ├─┤├┬┘ │
╩ ╩┴ ┴┴  ┴─┘└─┘╚═╝┴ ┴┴└─ ┴


Predicting sample: stdin
Using 1 threads
Processing sample 1 of 1
Mapping reads...
Reading GAM file nWLNOsd
╦ ╦┌─┐┌─┐┬  ┌─┐╔═╗┌─┐┬─┐┌┬┐
╠═╣├─┤├─┘│  │ │║  ├─┤├┬┘ │
╩ ╩┴ ┴┴  ┴─┘└─┘╚═╝┴ ┴┴└─ ┴


Predicting sample: stdin
Using 1 threads
Processing sample 1 of 1
Mapping reads...
Reading GAM file 8OxvKGe
Reads mapped
Done reading GAM file /tmp/nWLNOsd
Found 84 reads.
Removing PCR duplicates ...
PCR duplicates removed.
Computing haplogroup likelihoods from 84 reads.
Reads mapped
Done reading GAM file /tmp/8OxvKGe
Found 84 reads.
Removing PCR duplicates ...
PCR duplicates removed.
Computing haplogroup likelihoods from 84 reads.


#sample	predicted haplogroup	reads
stdin	U5a1b1	84


#sample	predicted haplogroup	reads
stdin	U5a1b1	84
