╦ ╦┌─┐┌─┐┬  ┌─┐╔═╗┌─┐┬─┐┌┬┐
╠═╣├─┤├─┘│  │ │║  ├─┤├┬┘ │
╩ ╩┴ ┴┴  ┴─┘└─┘╚═╝┴ ┴┴└─ ┴


Predicting sample: stdin
Using 1 threads
╦ ╦┌─┐┌─┐┬  ┌─┐╔═╗┌─┐┬─┐┌┬┐
╠═╣├─┤├─┘│  │ │║  ├─┤├┬┘ │
╩ ╩┴ ┴┴  ┴─┘└─┘╚═╝┴ ┴┴└─ ┴


Predicting sample: stdin
Using 1 threads
Processing sample 1 of 1
Mapping reads...
Reading GAM file GmEogc9
╦ ╦┌─┐┌─┐┬  ┌─┐╔═╗┌─┐┬─┐┌┬┐
╠═╣├─┤├─┘│  │ │║  ├─┤├┬┘ │
╩ ╩┴ ┴┴  ┴─┘└─┘╚═╝┴ ┴┴└─ ┴


Predicting sample: stdin
Using 1 threads
Processing sample 1 of 1
Mapping reads...
Reading GAM file L6bC1KT
Reads mapped
Done reading GAM file /tmp/GmEogc9
Found 355 reads.
Removing PCR duplicates ...
PCR duplicates removed.
Computing haplogroup likelihoods from 353 reads.
Reads mapped
Done reading GAM file /tmp/L6bC1KT
Found 355 reads.
Removing PCR duplicates ...
PCR duplicates removed.
Computing haplogroup likelihoods from 353 reads.


#sample	predicted haplogroup	reads
stdin	C4b1	353


#sample	predicted haplogroup	reads
stdin	C4b1	353
