╦ ╦┌─┐┌─┐┬  ┌─┐╔═╗┌─┐┬─┐┌┬┐
╠═╣├─┤├─┘│  │ │║  ├─┤├┬┘ │
╩ ╩┴ ┴┴  ┴─┘└─┘╚═╝┴ ┴┴└─ ┴


Predicting sample: stdin
Using 1 threads
Processing sample 1 of 1
Mapping reads...
Reading GAM file RoSFUCI
Reads mapped
Done reading GAM file /tmp/RoSFUCI
Found 80 reads.
Removing PCR duplicates ...
PCR duplicates removed.
Computing haplogroup likelihoods from 80 reads.


#sample	predicted haplogroup	reads
stdin	C1	80
╦ ╦┌─┐┌─┐┬  ┌─┐╔═╗┌─┐┬─┐┌┬┐
╠═╣├─┤├─┘│  │ │║  ├─┤├┬┘ │
╩ ╩┴ ┴┴  ┴─┘└─┘╚═╝┴ ┴┴└─ ┴


Predicting sample: stdin
Using 1 threads
Processing sample 1 of 1
Mapping reads...
Reading GAM file OnNDmWK
╦ ╦┌─┐┌─┐┬  ┌─┐╔═╗┌─┐┬─┐┌┬┐
╠═╣├─┤├─┘│  │ │║  ├─┤├┬┘ │
╩ ╩┴ ┴┴  ┴─┘└─┘╚═╝┴ ┴┴└─ ┴


Predicting sample: stdin
Using 1 threads
Processing sample 1 of 1
Mapping reads...
Reading GAM file Bk1vVLQ
Reads mapped
Done reading GAM file /tmp/OnNDmWK
Found 80 reads.
Removing PCR duplicates ...
PCR duplicates removed.
Computing haplogroup likelihoods from 80 reads.
Reads mapped
Done reading GAM file /tmp/Bk1vVLQ
Found 80 reads.
Removing PCR duplicates ...
PCR duplicates removed.
Computing haplogroup likelihoods from 80 reads.


#sample	predicted haplogroup	reads
stdin	C1	80


#sample	predicted haplogroup	reads
stdin	C1	80
