╦ ╦┌─┐┌─┐┬  ┌─┐╔═╗┌─┐┬─┐┌┬┐
╠═╣├─┤├─┘│  │ │║  ├─┤├┬┘ │
╩ ╩┴ ┴┴  ┴─┘└─┘╚═╝┴ ┴┴└─ ┴


Predicting sample: stdin
Using 1 threads
Processing sample 1 of 1
Mapping reads...
Reading GAM file VQoYrg6
Reads mapped
Done reading GAM file /tmp/VQoYrg6
Found 45 reads.
Removing PCR duplicates ...
PCR duplicates removed.
Computing haplogroup likelihoods from 45 reads.


#sample	predicted haplogroup	reads
stdin	U5a1b1	45
╦ ╦┌─┐┌─┐┬  ┌─┐╔═╗┌─┐┬─┐┌┬┐
╠═╣├─┤├─┘│  │ │║  ├─┤├┬┘ │
╩ ╩┴ ┴┴  ┴─┘└─┘╚═╝┴ ┴┴└─ ┴


Predicting sample: stdin
Using 1 threads
Processing sample 1 of 1
Mapping reads...
Reading GAM file bcE7Euj
╦ ╦┌─┐┌─┐┬  ┌─┐╔═╗┌─┐┬─┐┌┬┐
╠═╣├─┤├─┘│  │ │║  ├─┤├┬┘ │
╩ ╩┴ ┴┴  ┴─┘└─┘╚═╝┴ ┴┴└─ ┴


Predicting sample: stdin
Using 1 threads
Reads mapped
Processing sample 1 of 1
Mapping reads...
Done reading GAM file /tmp/bcE7Euj
Found 45 reads.
Removing PCR duplicates ...
PCR duplicates removed.
Reading GAM file 0lFO5L8
Computing haplogroup likelihoods from 45 reads.
Reads mapped
Done reading GAM file /tmp/0lFO5L8
Found 45 reads.
Removing PCR duplicates ...
PCR duplicates removed.
Computing haplogroup likelihoods from 45 reads.


#sample	predicted haplogroup	reads
stdin	U5a1b1	45


#sample	predicted haplogroup	reads
stdin	U5a1b1	45
