╦ ╦┌─┐┌─┐┬  ┌─┐╔═╗┌─┐┬─┐┌┬┐
╠═╣├─┤├─┘│  │ │║  ├─┤├┬┘ │
╩ ╩┴ ┴┴  ┴─┘└─┘╚═╝┴ ┴┴└─ ┴


Predicting sample: stdin
Using 1 threads
Processing sample 1 of 1
Mapping reads...
Reading GAM file Dje2rYF
Reads mapped
Done reading GAM file /tmp/Dje2rYF
Found 90 reads.
Removing PCR duplicates ...
PCR duplicates removed.
Computing haplogroup likelihoods from 90 reads.


#sample	predicted haplogroup	reads
stdin	C4d	90
╦ ╦┌─┐┌─┐┬  ┌─┐╔═╗┌─┐┬─┐┌┬┐
╠═╣├─┤├─┘│  │ │║  ├─┤├┬┘ │
╩ ╩┴ ┴┴  ┴─┘└─┘╚═╝┴ ┴┴└─ ┴


Predicting sample: stdin
Using 1 threads
Processing sample 1 of 1
Mapping reads...
Reading GAM file KLcILWH
╦ ╦┌─┐┌─┐┬  ┌─┐╔═╗┌─┐┬─┐┌┬┐
╠═╣├─┤├─┘│  │ │║  ├─┤├┬┘ │
╩ ╩┴ ┴┴  ┴─┘└─┘╚═╝┴ ┴┴└─ ┴


Predicting sample: stdin
Using 1 threads
Reads mapped
Done reading GAM file /tmp/KLcILWH
Found 90 reads.
Removing PCR duplicates ...
PCR duplicates removed.
Computing haplogroup likelihoods from 90 reads.
Processing sample 1 of 1
Mapping reads...
Reading GAM file OoDJecR
Reads mapped
Done reading GAM file /tmp/OoDJecR
Found 90 reads.
Removing PCR duplicates ...
PCR duplicates removed.
Computing haplogroup likelihoods from 90 reads.


#sample	predicted haplogroup	reads
stdin	C4d	90


#sample	predicted haplogroup	reads
stdin	C4d	90
