╦ ╦┌─┐┌─┐┬  ┌─┐╔═╗┌─┐┬─┐┌┬┐
╠═╣├─┤├─┘│  │ │║  ├─┤├┬┘ │
╩ ╩┴ ┴┴  ┴─┘└─┘╚═╝┴ ┴┴└─ ┴


Predicting sample: stdin
Using 1 threads
Processing sample 1 of 1
Mapping reads...
Reading GAM file cnEouJh
Reads mapped
Done reading GAM file /tmp/cnEouJh
Found 46 reads.
Removing PCR duplicates ...
PCR duplicates removed.
Computing haplogroup likelihoods from 46 reads.


#sample	predicted haplogroup	reads
stdin	C4d	46
╦ ╦┌─┐┌─┐┬  ┌─┐╔═╗┌─┐┬─┐┌┬┐
╠═╣├─┤├─┘│  │ │║  ├─┤├┬┘ │
╩ ╩┴ ┴┴  ┴─┘└─┘╚═╝┴ ┴┴└─ ┴


Predicting sample: stdin
Using 1 threads
Processing sample 1 of 1
Mapping reads...
Reading GAM file RqY320h
╦ ╦┌─┐┌─┐┬  ┌─┐╔═╗┌─┐┬─┐┌┬┐
╠═╣├─┤├─┘│  │ │║  ├─┤├┬┘ │
╩ ╩┴ ┴┴  ┴─┘└─┘╚═╝┴ ┴┴└─ ┴


Predicting sample: stdin
Using 1 threads
Reads mapped
Done reading GAM file /tmp/RqY320h
Found 46 reads.
Removing PCR duplicates ...
PCR duplicates removed.
Computing haplogroup likelihoods from 46 reads.
Processing sample 1 of 1
Mapping reads...
Reading GAM file Diwg9a1
Reads mapped
Done reading GAM file /tmp/Diwg9a1
Found 46 reads.
Removing PCR duplicates ...
PCR duplicates removed.
Computing haplogroup likelihoods from 46 reads.


#sample	predicted haplogroup	reads
stdin	C4d	46


#sample	predicted haplogroup	reads
stdin	C4d	46
