╦ ╦┌─┐┌─┐┬  ┌─┐╔═╗┌─┐┬─┐┌┬┐
╠═╣├─┤├─┘│  │ │║  ├─┤├┬┘ │
╩ ╩┴ ┴┴  ┴─┘└─┘╚═╝┴ ┴┴└─ ┴


Predicting sample: stdin
Using 1 threads
╦ ╦┌─┐┌─┐┬  ┌─┐╔═╗┌─┐┬─┐┌┬┐
╠═╣├─┤├─┘│  │ │║  ├─┤├┬┘ │
╩ ╩┴ ┴┴  ┴─┘└─┘╚═╝┴ ┴┴└─ ┴


Predicting sample: stdin
Using 1 threads
Processing sample 1 of 1
Mapping reads...
Reading GAM file Po1CHqK
╦ ╦┌─┐┌─┐┬  ┌─┐╔═╗┌─┐┬─┐┌┬┐
╠═╣├─┤├─┘│  │ │║  ├─┤├┬┘ │
╩ ╩┴ ┴┴  ┴─┘└─┘╚═╝┴ ┴┴└─ ┴


Predicting sample: stdin
Using 1 threads
Reads mapped
Done reading GAM file /tmp/Po1CHqK
Found 162 reads.
Removing PCR duplicates ...
PCR duplicates removed.
Computing haplogroup likelihoods from 162 reads.
Processing sample 1 of 1
Mapping reads...
Reading GAM file IvEXOCw
Reads mapped
Done reading GAM file /tmp/IvEXOCw
Found 162 reads.
Removing PCR duplicates ...
PCR duplicates removed.
Computing haplogroup likelihoods from 162 reads.


#sample	predicted haplogroup	reads
stdin	C4d	162


#sample	predicted haplogroup	reads
stdin	C4d	162
