╦ ╦┌─┐┌─┐┬  ┌─┐╔═╗┌─┐┬─┐┌┬┐
╠═╣├─┤├─┘│  │ │║  ├─┤├┬┘ │
╩ ╩┴ ┴┴  ┴─┘└─┘╚═╝┴ ┴┴└─ ┴


Predicting sample: stdin
Using 1 threads
Processing sample 1 of 1
Mapping reads...
Reading GAM file tailrMz
Reads mapped
Done reading GAM file /tmp/tailrMz
Found 87 reads.
Removing PCR duplicates ...
PCR duplicates removed.
Computing haplogroup likelihoods from 87 reads.


#sample	predicted haplogroup	reads
stdin	H107	87
╦ ╦┌─┐┌─┐┬  ┌─┐╔═╗┌─┐┬─┐┌┬┐
╠═╣├─┤├─┘│  │ │║  ├─┤├┬┘ │
╩ ╩┴ ┴┴  ┴─┘└─┘╚═╝┴ ┴┴└─ ┴


Predicting sample: stdin
Using 1 threads
Processing sample 1 of 1
Mapping reads...
Reading GAM file vN5XSYC
╦ ╦┌─┐┌─┐┬  ┌─┐╔═╗┌─┐┬─┐┌┬┐
╠═╣├─┤├─┘│  │ │║  ├─┤├┬┘ │
╩ ╩┴ ┴┴  ┴─┘└─┘╚═╝┴ ┴┴└─ ┴


Predicting sample: stdin
Using 1 threads
Reads mapped
Done reading GAM file /tmp/vN5XSYC
Found 87 reads.
Removing PCR duplicates ...
PCR duplicates removed.
Computing haplogroup likelihoods from 87 reads.
Processing sample 1 of 1
Mapping reads...
Reading GAM file Tld2G86
Reads mapped
Done reading GAM file /tmp/Tld2G86
Found 87 reads.
Removing PCR duplicates ...
PCR duplicates removed.
Computing haplogroup likelihoods from 87 reads.


#sample	predicted haplogroup	reads
stdin	H107	87


#sample	predicted haplogroup	reads
stdin	H107	87
