╦ ╦┌─┐┌─┐┬  ┌─┐╔═╗┌─┐┬─┐┌┬┐
╠═╣├─┤├─┘│  │ │║  ├─┤├┬┘ │
╩ ╩┴ ┴┴  ┴─┘└─┘╚═╝┴ ┴┴└─ ┴


Predicting sample: stdin
Using 1 threads
╦ ╦┌─┐┌─┐┬  ┌─┐╔═╗┌─┐┬─┐┌┬┐
╠═╣├─┤├─┘│  │ │║  ├─┤├┬┘ │
╩ ╩┴ ┴┴  ┴─┘└─┘╚═╝┴ ┴┴└─ ┴


Predicting sample: stdin
Using 1 threads
Processing sample 1 of 1
Mapping reads...
Reading GAM file whNrhui
╦ ╦┌─┐┌─┐┬  ┌─┐╔═╗┌─┐┬─┐┌┬┐
╠═╣├─┤├─┘│  │ │║  ├─┤├┬┘ │
╩ ╩┴ ┴┴  ┴─┘└─┘╚═╝┴ ┴┴└─ ┴


Predicting sample: stdin
Using 1 threads
Processing sample 1 of 1
Mapping reads...
Reading GAM file CdhLwAg
Reads mapped
Done reading GAM file /tmp/whNrhui
Found 197 reads.
Removing PCR duplicates ...
PCR duplicates removed.
Computing haplogroup likelihoods from 197 reads.
Reads mapped
Done reading GAM file /tmp/CdhLwAg
Found 197 reads.
Removing PCR duplicates ...
PCR duplicates removed.
Computing haplogroup likelihoods from 197 reads.


#sample	predicted haplogroup	reads
stdin	H36	197


#sample	predicted haplogroup	reads
stdin	H36	197
