╦ ╦┌─┐┌─┐┬  ┌─┐╔═╗┌─┐┬─┐┌┬┐
╠═╣├─┤├─┘│  │ │║  ├─┤├┬┘ │
╩ ╩┴ ┴┴  ┴─┘└─┘╚═╝┴ ┴┴└─ ┴


Predicting sample: stdin
Using 1 threads
╦ ╦┌─┐┌─┐┬  ┌─┐╔═╗┌─┐┬─┐┌┬┐
╠═╣├─┤├─┘│  │ │║  ├─┤├┬┘ │
╩ ╩┴ ┴┴  ┴─┘└─┘╚═╝┴ ┴┴└─ ┴


Predicting sample: stdin
Using 1 threads
Processing sample 1 of 1
Mapping reads...
Reading GAM file dDFTqLT
╦ ╦┌─┐┌─┐┬  ┌─┐╔═╗┌─┐┬─┐┌┬┐
╠═╣├─┤├─┘│  │ │║  ├─┤├┬┘ │
╩ ╩┴ ┴┴  ┴─┘└─┘╚═╝┴ ┴┴└─ ┴


Predicting sample: stdin
Using 1 threads
Processing sample 1 of 1
Mapping reads...
Reading GAM file GwVJx2C
Reads mapped
Done reading GAM file /tmp/dDFTqLT
Found 368 reads.
Removing PCR duplicates ...
PCR duplicates removed.
Computing haplogroup likelihoods from 366 reads.
Reads mapped
Done reading GAM file /tmp/GwVJx2C
Found 368 reads.
Removing PCR duplicates ...
PCR duplicates removed.
Computing haplogroup likelihoods from 366 reads.


#sample	predicted haplogroup	reads
stdin	H3i	366


#sample	predicted haplogroup	reads
stdin	H3i	366
