╦ ╦┌─┐┌─┐┬  ┌─┐╔═╗┌─┐┬─┐┌┬┐
╠═╣├─┤├─┘│  │ │║  ├─┤├┬┘ │
╩ ╩┴ ┴┴  ┴─┘└─┘╚═╝┴ ┴┴└─ ┴


Predicting sample: stdin
Using 1 threads
Processing sample 1 of 1
Mapping reads...
Reading GAM file GfHaswX
Reads mapped
Done reading GAM file /tmp/GfHaswX
Found 31 reads.
Removing PCR duplicates ...
PCR duplicates removed.
Computing haplogroup likelihoods from 31 reads.


#sample	predicted haplogroup	reads
stdin	R31a1	31
╦ ╦┌─┐┌─┐┬  ┌─┐╔═╗┌─┐┬─┐┌┬┐
╠═╣├─┤├─┘│  │ │║  ├─┤├┬┘ │
╩ ╩┴ ┴┴  ┴─┘└─┘╚═╝┴ ┴┴└─ ┴


Predicting sample: stdin
Using 1 threads
Processing sample 1 of 1
Mapping reads...
Reading GAM file ZsqGG8G
╦ ╦┌─┐┌─┐┬  ┌─┐╔═╗┌─┐┬─┐┌┬┐
╠═╣├─┤├─┘│  │ │║  ├─┤├┬┘ │
╩ ╩┴ ┴┴  ┴─┘└─┘╚═╝┴ ┴┴└─ ┴


Predicting sample: stdin
Using 1 threads
Reads mapped
Done reading GAM file /tmp/ZsqGG8G
Found 31 reads.
Removing PCR duplicates ...
PCR duplicates removed.
Computing haplogroup likelihoods from 31 reads.
Processing sample 1 of 1
Mapping reads...
Reading GAM file yjI1vdA


#sample	predicted haplogroup	reads
stdin	R31a1	31
Reads mapped
Done reading GAM file /tmp/yjI1vdA
Found 31 reads.
Removing PCR duplicates ...
PCR duplicates removed.
Computing haplogroup likelihoods from 31 reads.


#sample	predicted haplogroup	reads
stdin	R31a1	31
