╦ ╦┌─┐┌─┐┬  ┌─┐╔═╗┌─┐┬─┐┌┬┐
╠═╣├─┤├─┘│  │ │║  ├─┤├┬┘ │
╩ ╩┴ ┴┴  ┴─┘└─┘╚═╝┴ ┴┴└─ ┴


Predicting sample: stdin
Using 1 threads
Processing sample 1 of 1
Mapping reads...
Reading GAM file yx7b3kr
Reads mapped
Done reading GAM file /tmp/yx7b3kr
Found 50 reads.
Removing PCR duplicates ...
PCR duplicates removed.
Computing haplogroup likelihoods from 50 reads.


#sample	predicted haplogroup	reads
stdin	V15a	50
╦ ╦┌─┐┌─┐┬  ┌─┐╔═╗┌─┐┬─┐┌┬┐
╠═╣├─┤├─┘│  │ │║  ├─┤├┬┘ │
╩ ╩┴ ┴┴  ┴─┘└─┘╚═╝┴ ┴┴└─ ┴


Predicting sample: stdin
Using 1 threads
Processing sample 1 of 1
Mapping reads...
Reading GAM file FNn0hT0
╦ ╦┌─┐┌─┐┬  ┌─┐╔═╗┌─┐┬─┐┌┬┐
╠═╣├─┤├─┘│  │ │║  ├─┤├┬┘ │
╩ ╩┴ ┴┴  ┴─┘└─┘╚═╝┴ ┴┴└─ ┴


Predicting sample: stdin
Using 1 threads
Reads mapped
Done reading GAM file /tmp/FNn0hT0
Found 50 reads.
Removing PCR duplicates ...
PCR duplicates removed.
Computing haplogroup likelihoods from 50 reads.
Processing sample 1 of 1
Mapping reads...
Reading GAM file 1NOcwO0
Reads mapped
Done reading GAM file /tmp/1NOcwO0
Found 50 reads.
Removing PCR duplicates ...
PCR duplicates removed.
Computing haplogroup likelihoods from 50 reads.


#sample	predicted haplogroup	reads
stdin	V15a	50


#sample	predicted haplogroup	reads
stdin	V15a	50
