╦ ╦┌─┐┌─┐┬  ┌─┐╔═╗┌─┐┬─┐┌┬┐
╠═╣├─┤├─┘│  │ │║  ├─┤├┬┘ │
╩ ╩┴ ┴┴  ┴─┘└─┘╚═╝┴ ┴┴└─ ┴


Predicting sample: stdin
Using 1 threads
Processing sample 1 of 1
Mapping reads...
Reading GAM file qJbgC2P
Reads mapped
Done reading GAM file /tmp/qJbgC2P
Found 97 reads.
Removing PCR duplicates ...
PCR duplicates removed.
Computing haplogroup likelihoods from 97 reads.


#sample	predicted haplogroup	reads
stdin	H2a1	97
╦ ╦┌─┐┌─┐┬  ┌─┐╔═╗┌─┐┬─┐┌┬┐
╠═╣├─┤├─┘│  │ │║  ├─┤├┬┘ │
╩ ╩┴ ┴┴  ┴─┘└─┘╚═╝┴ ┴┴└─ ┴


Predicting sample: stdin
Using 1 threads
Processing sample 1 of 1
Mapping reads...
Reading GAM file Tybry9n
╦ ╦┌─┐┌─┐┬  ┌─┐╔═╗┌─┐┬─┐┌┬┐
╠═╣├─┤├─┘│  │ │║  ├─┤├┬┘ │
╩ ╩┴ ┴┴  ┴─┘└─┘╚═╝┴ ┴┴└─ ┴


Predicting sample: stdin
Using 1 threads
Processing sample 1 of 1
Mapping reads...
Reading GAM file ci3f56b
Reads mapped
Done reading GAM file /tmp/Tybry9n
Found 97 reads.
Removing PCR duplicates ...
PCR duplicates removed.
Computing haplogroup likelihoods from 97 reads.
Reads mapped
Done reading GAM file /tmp/ci3f56b
Found 97 reads.
Removing PCR duplicates ...
PCR duplicates removed.
Computing haplogroup likelihoods from 97 reads.


#sample	predicted haplogroup	reads
stdin	H2a1	97


#sample	predicted haplogroup	reads
stdin	H2a1	97
