╦ ╦┌─┐┌─┐┬  ┌─┐╔═╗┌─┐┬─┐┌┬┐
╠═╣├─┤├─┘│  │ │║  ├─┤├┬┘ │
╩ ╩┴ ┴┴  ┴─┘└─┘╚═╝┴ ┴┴└─ ┴


Predicting sample: stdin
Using 1 threads
╦ ╦┌─┐┌─┐┬  ┌─┐╔═╗┌─┐┬─┐┌┬┐
╠═╣├─┤├─┘│  │ │║  ├─┤├┬┘ │
╩ ╩┴ ┴┴  ┴─┘└─┘╚═╝┴ ┴┴└─ ┴


Predicting sample: stdin
Using 1 threads
Processing sample 1 of 1
Mapping reads...
Reading GAM file hbyNICi
╦ ╦┌─┐┌─┐┬  ┌─┐╔═╗┌─┐┬─┐┌┬┐
╠═╣├─┤├─┘│  │ │║  ├─┤├┬┘ │
╩ ╩┴ ┴┴  ┴─┘└─┘╚═╝┴ ┴┴└─ ┴


Predicting sample: stdin
Using 1 threads
Processing sample 1 of 1
Mapping reads...
Reading GAM file v9mJFW7
Reads mapped
Done reading GAM file /tmp/hbyNICi
Found 392 reads.
Removing PCR duplicates ...
PCR duplicates removed.
Computing haplogroup likelihoods from 388 reads.
Reads mapped
Done reading GAM file /tmp/v9mJFW7
Found 392 reads.
Removing PCR duplicates ...
PCR duplicates removed.
Computing haplogroup likelihoods from 388 reads.


#sample	predicted haplogroup	reads
stdin	H53	388


#sample	predicted haplogroup	reads
stdin	H53	388
