╦ ╦┌─┐┌─┐┬  ┌─┐╔═╗┌─┐┬─┐┌┬┐
╠═╣├─┤├─┘│  │ │║  ├─┤├┬┘ │
╩ ╩┴ ┴┴  ┴─┘└─┘╚═╝┴ ┴┴└─ ┴


Predicting sample: stdin
Using 1 threads
╦ ╦┌─┐┌─┐┬  ┌─┐╔═╗┌─┐┬─┐┌┬┐
╠═╣├─┤├─┘│  │ │║  ├─┤├┬┘ │
╩ ╩┴ ┴┴  ┴─┘└─┘╚═╝┴ ┴┴└─ ┴


Predicting sample: stdin
Using 1 threads
Processing sample 1 of 1
Mapping reads...
Reading GAM file 0Qb2bOo
╦ ╦┌─┐┌─┐┬  ┌─┐╔═╗┌─┐┬─┐┌┬┐
╠═╣├─┤├─┘│  │ │║  ├─┤├┬┘ │
╩ ╩┴ ┴┴  ┴─┘└─┘╚═╝┴ ┴┴└─ ┴


Predicting sample: stdin
Using 1 threads
Processing sample 1 of 1
Mapping reads...
Reading GAM file WfmHUrq
Reads mapped
Done reading GAM file /tmp/0Qb2bOo
Found 207 reads.
Removing PCR duplicates ...
PCR duplicates removed.
Computing haplogroup likelihoods from 206 reads.
Reads mapped
Done reading GAM file /tmp/WfmHUrq
Found 207 reads.
Removing PCR duplicates ...
PCR duplicates removed.
Computing haplogroup likelihoods from 206 reads.


#sample	predicted haplogroup	reads
stdin	H1	206


#sample	predicted haplogroup	reads
stdin	H1	206
