╦ ╦┌─┐┌─┐┬  ┌─┐╔═╗┌─┐┬─┐┌┬┐
╠═╣├─┤├─┘│  │ │║  ├─┤├┬┘ │
╩ ╩┴ ┴┴  ┴─┘└─┘╚═╝┴ ┴┴└─ ┴


Predicting sample: stdin
Using 1 threads
Processing sample 1 of 1
Mapping reads...
Reading GAM file AvQhokX
Reads mapped
Done reading GAM file /tmp/AvQhokX
Found 83 reads.
Removing PCR duplicates ...
PCR duplicates removed.
Computing haplogroup likelihoods from 83 reads.


#sample	predicted haplogroup	reads
stdin	N1	83
╦ ╦┌─┐┌─┐┬  ┌─┐╔═╗┌─┐┬─┐┌┬┐
╠═╣├─┤├─┘│  │ │║  ├─┤├┬┘ │
╩ ╩┴ ┴┴  ┴─┘└─┘╚═╝┴ ┴┴└─ ┴


Predicting sample: stdin
Using 1 threads
Processing sample 1 of 1
Mapping reads...
Reading GAM file mWELmPK
Reads mapped
Done reading GAM file /tmp/mWELmPK
Found 83 reads.
Removing PCR duplicates ...
PCR duplicates removed.
Computing haplogroup likelihoods from 83 reads.
╦ ╦┌─┐┌─┐┬  ┌─┐╔═╗┌─┐┬─┐┌┬┐
╠═╣├─┤├─┘│  │ │║  ├─┤├┬┘ │
╩ ╩┴ ┴┴  ┴─┘└─┘╚═╝┴ ┴┴└─ ┴


Predicting sample: stdin
Using 1 threads
Processing sample 1 of 1
Mapping reads...
Reading GAM file aFFo6yn
Reads mapped
Done reading GAM file /tmp/aFFo6yn
Found 83 reads.
Removing PCR duplicates ...
PCR duplicates removed.
Computing haplogroup likelihoods from 83 reads.


#sample	predicted haplogroup	reads
stdin	N1	83


#sample	predicted haplogroup	reads
stdin	N1	83
