╦ ╦┌─┐┌─┐┬  ┌─┐╔═╗┌─┐┬─┐┌┬┐
╠═╣├─┤├─┘│  │ │║  ├─┤├┬┘ │
╩ ╩┴ ┴┴  ┴─┘└─┘╚═╝┴ ┴┴└─ ┴


Predicting sample: stdin
Using 1 threads
Processing sample 1 of 1
Mapping reads...
Reading GAM file AfpKBax
Reads mapped
Done reading GAM file /tmp/AfpKBax
Found 170 reads.
Removing PCR duplicates ...
PCR duplicates removed.
Computing haplogroup likelihoods from 169 reads.


#sample	predicted haplogroup	reads
stdin	U5b1	169
╦ ╦┌─┐┌─┐┬  ┌─┐╔═╗┌─┐┬─┐┌┬┐
╠═╣├─┤├─┘│  │ │║  ├─┤├┬┘ │
╩ ╩┴ ┴┴  ┴─┘└─┘╚═╝┴ ┴┴└─ ┴


Predicting sample: stdin
Using 1 threads
Processing sample 1 of 1
Mapping reads...
Reading GAM file VSjZdlH
Reads mapped
Done reading GAM file /tmp/VSjZdlH
Found 170 reads.
Removing PCR duplicates ...
PCR duplicates removed.
Computing haplogroup likelihoods from 169 reads.
╦ ╦┌─┐┌─┐┬  ┌─┐╔═╗┌─┐┬─┐┌┬┐
╠═╣├─┤├─┘│  │ │║  ├─┤├┬┘ │
╩ ╩┴ ┴┴  ┴─┘└─┘╚═╝┴ ┴┴└─ ┴


Predicting sample: stdin
Using 1 threads
Processing sample 1 of 1
Mapping reads...
Reading GAM file U2HLpOE
Reads mapped
Done reading GAM file /tmp/U2HLpOE
Found 170 reads.
Removing PCR duplicates ...
PCR duplicates removed.
Computing haplogroup likelihoods from 169 reads.


#sample	predicted haplogroup	reads
stdin	U5b1	169


#sample	predicted haplogroup	reads
stdin	U5b1	169
