╦ ╦┌─┐┌─┐┬  ┌─┐╔═╗┌─┐┬─┐┌┬┐
╠═╣├─┤├─┘│  │ │║  ├─┤├┬┘ │
╩ ╩┴ ┴┴  ┴─┘└─┘╚═╝┴ ┴┴└─ ┴


Predicting sample: stdin
Using 1 threads
╦ ╦┌─┐┌─┐┬  ┌─┐╔═╗┌─┐┬─┐┌┬┐
╠═╣├─┤├─┘│  │ │║  ├─┤├┬┘ │
╩ ╩┴ ┴┴  ┴─┘└─┘╚═╝┴ ┴┴└─ ┴


Predicting sample: stdin
Using 1 threads
Processing sample 1 of 1
Mapping reads...
Reading GAM file i3JvdZc
Reads mapped
Done reading GAM file /tmp/i3JvdZc
Found 582 reads.
Removing PCR duplicates ...
PCR duplicates removed.
Computing haplogroup likelihoods from 571 reads.
╦ ╦┌─┐┌─┐┬  ┌─┐╔═╗┌─┐┬─┐┌┬┐
╠═╣├─┤├─┘│  │ │║  ├─┤├┬┘ │
╩ ╩┴ ┴┴  ┴─┘└─┘╚═╝┴ ┴┴└─ ┴


Predicting sample: stdin
Using 1 threads
Processing sample 1 of 1
Mapping reads...
Reading GAM file PqP3dZb
Reads mapped
Done reading GAM file /tmp/PqP3dZb
Found 582 reads.
Removing PCR duplicates ...
PCR duplicates removed.
Computing haplogroup likelihoods from 571 reads.


#sample	predicted haplogroup	reads
stdin	U5b1	571


#sample	predicted haplogroup	reads
stdin	U5b1	571
