╦ ╦┌─┐┌─┐┬  ┌─┐╔═╗┌─┐┬─┐┌┬┐
╠═╣├─┤├─┘│  │ │║  ├─┤├┬┘ │
╩ ╩┴ ┴┴  ┴─┘└─┘╚═╝┴ ┴┴└─ ┴


Predicting sample: stdin
Using 1 threads
╦ ╦┌─┐┌─┐┬  ┌─┐╔═╗┌─┐┬─┐┌┬┐
╠═╣├─┤├─┘│  │ │║  ├─┤├┬┘ │
╩ ╩┴ ┴┴  ┴─┘└─┘╚═╝┴ ┴┴└─ ┴


Predicting sample: stdin
Using 1 threads
Processing sample 1 of 1
Mapping reads...
Reading GAM file lHexpf6
╦ ╦┌─┐┌─┐┬  ┌─┐╔═╗┌─┐┬─┐┌┬┐
╠═╣├─┤├─┘│  │ │║  ├─┤├┬┘ │
╩ ╩┴ ┴┴  ┴─┘└─┘╚═╝┴ ┴┴└─ ┴


Predicting sample: stdin
Using 1 threads
Reads mapped
Done reading GAM file /tmp/lHexpf6
Found 313 reads.
Removing PCR duplicates ...
PCR duplicates removed.
Computing haplogroup likelihoods from 311 reads.
Processing sample 1 of 1
Mapping reads...
Reading GAM file BM0ZXGv
Reads mapped
Done reading GAM file /tmp/BM0ZXGv
Found 313 reads.
Removing PCR duplicates ...
PCR duplicates removed.
Computing haplogroup likelihoods from 311 reads.


#sample	predicted haplogroup	reads
stdin	U5b1	311


#sample	predicted haplogroup	reads
stdin	U5b1	311
