╦ ╦┌─┐┌─┐┬  ┌─┐╔═╗┌─┐┬─┐┌┬┐
╠═╣├─┤├─┘│  │ │║  ├─┤├┬┘ │
╩ ╩┴ ┴┴  ┴─┘└─┘╚═╝┴ ┴┴└─ ┴


Predicting sample: stdin
Using 1 threads
Processing sample 1 of 1
Mapping reads...
Reading GAM file Jo4ibPX
Reads mapped
Done reading GAM file /tmp/Jo4ibPX
Found 154 reads.
Removing PCR duplicates ...
PCR duplicates removed.
Computing haplogroup likelihoods from 153 reads.


#sample	predicted haplogroup	reads
stdin	J2a1a1	153
╦ ╦┌─┐┌─┐┬  ┌─┐╔═╗┌─┐┬─┐┌┬┐
╠═╣├─┤├─┘│  │ │║  ├─┤├┬┘ │
╩ ╩┴ ┴┴  ┴─┘└─┘╚═╝┴ ┴┴└─ ┴


Predicting sample: stdin
Using 1 threads
Processing sample 1 of 1
Mapping reads...
Reading GAM file ER8BZRK
Reads mapped
Done reading GAM file /tmp/ER8BZRK
Found 154 reads.
Removing PCR duplicates ...
PCR duplicates removed.
Computing haplogroup likelihoods from 153 reads.
╦ ╦┌─┐┌─┐┬  ┌─┐╔═╗┌─┐┬─┐┌┬┐
╠═╣├─┤├─┘│  │ │║  ├─┤├┬┘ │
╩ ╩┴ ┴┴  ┴─┘└─┘╚═╝┴ ┴┴└─ ┴


Predicting sample: stdin
Using 1 threads
Processing sample 1 of 1
Mapping reads...
Reading GAM file 3c8nfy9
Reads mapped
Done reading GAM file /tmp/3c8nfy9
Found 154 reads.
Removing PCR duplicates ...
PCR duplicates removed.
Computing haplogroup likelihoods from 153 reads.


#sample	predicted haplogroup	reads
stdin	J2a1a1	153


#sample	predicted haplogroup	reads
stdin	J2a1a1	153
