╦ ╦┌─┐┌─┐┬  ┌─┐╔═╗┌─┐┬─┐┌┬┐
╠═╣├─┤├─┘│  │ │║  ├─┤├┬┘ │
╩ ╩┴ ┴┴  ┴─┘└─┘╚═╝┴ ┴┴└─ ┴


Predicting sample: stdin
Using 1 threads
╦ ╦┌─┐┌─┐┬  ┌─┐╔═╗┌─┐┬─┐┌┬┐
╠═╣├─┤├─┘│  │ │║  ├─┤├┬┘ │
╩ ╩┴ ┴┴  ┴─┘└─┘╚═╝┴ ┴┴└─ ┴


Predicting sample: stdin
Using 1 threads
Processing sample 1 of 1
Mapping reads...
Reading GAM file h2oxnWx
Reads mapped
Done reading GAM file /tmp/h2oxnWx
Found 603 reads.
Removing PCR duplicates ...
PCR duplicates removed.
Computing haplogroup likelihoods from 583 reads.
╦ ╦┌─┐┌─┐┬  ┌─┐╔═╗┌─┐┬─┐┌┬┐
╠═╣├─┤├─┘│  │ │║  ├─┤├┬┘ │
╩ ╩┴ ┴┴  ┴─┘└─┘╚═╝┴ ┴┴└─ ┴


Predicting sample: stdin
Using 1 threads
Processing sample 1 of 1
Mapping reads...
Reading GAM file qOtXK7W
Reads mapped
Done reading GAM file /tmp/qOtXK7W
Found 603 reads.
Removing PCR duplicates ...
PCR duplicates removed.
Computing haplogroup likelihoods from 583 reads.


#sample	predicted haplogroup	reads
stdin	J2a1a1	583


#sample	predicted haplogroup	reads
stdin	J2a1a1	583
