╦ ╦┌─┐┌─┐┬  ┌─┐╔═╗┌─┐┬─┐┌┬┐
╠═╣├─┤├─┘│  │ │║  ├─┤├┬┘ │
╩ ╩┴ ┴┴  ┴─┘└─┘╚═╝┴ ┴┴└─ ┴


Predicting sample: stdin
Using 1 threads
Processing sample 1 of 1
Mapping reads...
Reading GAM file kO9mutT
Reads mapped
Done reading GAM file /tmp/kO9mutT
Found 81 reads.
Removing PCR duplicates ...
PCR duplicates removed.
Computing haplogroup likelihoods from 81 reads.


#sample	predicted haplogroup	reads
stdin	J2a	81
╦ ╦┌─┐┌─┐┬  ┌─┐╔═╗┌─┐┬─┐┌┬┐
╠═╣├─┤├─┘│  │ │║  ├─┤├┬┘ │
╩ ╩┴ ┴┴  ┴─┘└─┘╚═╝┴ ┴┴└─ ┴


Predicting sample: stdin
Using 1 threads
Processing sample 1 of 1
Mapping reads...
Reading GAM file hT3iBvb
Reads mapped
Done reading GAM file /tmp/hT3iBvb
Found 81 reads.
Removing PCR duplicates ...
PCR duplicates removed.
Computing haplogroup likelihoods from 81 reads.
╦ ╦┌─┐┌─┐┬  ┌─┐╔═╗┌─┐┬─┐┌┬┐
╠═╣├─┤├─┘│  │ │║  ├─┤├┬┘ │
╩ ╩┴ ┴┴  ┴─┘└─┘╚═╝┴ ┴┴└─ ┴


Predicting sample: stdin
Using 1 threads
Processing sample 1 of 1
Mapping reads...
Reading GAM file pXvKHOw


#sample	predicted haplogroup	reads
stdin	J2a	81
Reads mapped
Done reading GAM file /tmp/pXvKHOw
Found 81 reads.
Removing PCR duplicates ...
PCR duplicates removed.
Computing haplogroup likelihoods from 81 reads.


#sample	predicted haplogroup	reads
stdin	J2a	81
