╦ ╦┌─┐┌─┐┬  ┌─┐╔═╗┌─┐┬─┐┌┬┐
╠═╣├─┤├─┘│  │ │║  ├─┤├┬┘ │
╩ ╩┴ ┴┴  ┴─┘└─┘╚═╝┴ ┴┴└─ ┴


Predicting sample: stdin
Using 1 threads
╦ ╦┌─┐┌─┐┬  ┌─┐╔═╗┌─┐┬─┐┌┬┐
╠═╣├─┤├─┘│  │ │║  ├─┤├┬┘ │
╩ ╩┴ ┴┴  ┴─┘└─┘╚═╝┴ ┴┴└─ ┴


Predicting sample: stdin
Using 1 threads
Processing sample 1 of 1
Mapping reads...
Reading GAM file KNrLVdO
Reads mapped
╦ ╦┌─┐┌─┐┬  ┌─┐╔═╗┌─┐┬─┐┌┬┐
╠═╣├─┤├─┘│  │ │║  ├─┤├┬┘ │
╩ ╩┴ ┴┴  ┴─┘└─┘╚═╝┴ ┴┴└─ ┴


Predicting sample: stdin
Using 1 threads
Done reading GAM file /tmp/KNrLVdO
Found 310 reads.
Removing PCR duplicates ...
PCR duplicates removed.
Computing haplogroup likelihoods from 305 reads.
Processing sample 1 of 1
Mapping reads...
Reading GAM file 9RIF9G4
Reads mapped
Done reading GAM file /tmp/9RIF9G4
Found 310 reads.
Removing PCR duplicates ...
PCR duplicates removed.
Computing haplogroup likelihoods from 305 reads.


#sample	predicted haplogroup	reads
stdin	J2a1a1	305


#sample	predicted haplogroup	reads
stdin	J2a1a1	305
