╦ ╦┌─┐┌─┐┬  ┌─┐╔═╗┌─┐┬─┐┌┬┐
╠═╣├─┤├─┘│  │ │║  ├─┤├┬┘ │
╩ ╩┴ ┴┴  ┴─┘└─┘╚═╝┴ ┴┴└─ ┴


Predicting sample: stdin
Using 1 threads
╦ ╦┌─┐┌─┐┬  ┌─┐╔═╗┌─┐┬─┐┌┬┐
╠═╣├─┤├─┘│  │ │║  ├─┤├┬┘ │
╩ ╩┴ ┴┴  ┴─┘└─┘╚═╝┴ ┴┴└─ ┴


Predicting sample: stdin
Using 1 threads
Processing sample 1 of 1
Mapping reads...
Reading GAM file A13JIVR
╦ ╦┌─┐┌─┐┬  ┌─┐╔═╗┌─┐┬─┐┌┬┐
╠═╣├─┤├─┘│  │ │║  ├─┤├┬┘ │
╩ ╩┴ ┴┴  ┴─┘└─┘╚═╝┴ ┴┴└─ ┴


Predicting sample: stdin
Using 1 threads
Processing sample 1 of 1
Mapping reads...
Reading GAM file bgJndye
Reads mapped
Done reading GAM file /tmp/A13JIVR
Found 224 reads.
Removing PCR duplicates ...
PCR duplicates removed.
Computing haplogroup likelihoods from 221 reads.
Reads mapped
Done reading GAM file /tmp/bgJndye
Found 224 reads.
Removing PCR duplicates ...
PCR duplicates removed.
Computing haplogroup likelihoods from 221 reads.


#sample	predicted haplogroup	reads
stdin	H1e1c	221


#sample	predicted haplogroup	reads
stdin	H1e1c	221
