╦ ╦┌─┐┌─┐┬  ┌─┐╔═╗┌─┐┬─┐┌┬┐
╠═╣├─┤├─┘│  │ │║  ├─┤├┬┘ │
╩ ╩┴ ┴┴  ┴─┘└─┘╚═╝┴ ┴┴└─ ┴


Predicting sample: stdin
Using 1 threads
╦ ╦┌─┐┌─┐┬  ┌─┐╔═╗┌─┐┬─┐┌┬┐
╠═╣├─┤├─┘│  │ │║  ├─┤├┬┘ │
╩ ╩┴ ┴┴  ┴─┘└─┘╚═╝┴ ┴┴└─ ┴


Predicting sample: stdin
Using 1 threads
Processing sample 1 of 1
Mapping reads...
Reading GAM file Qa0lMVh
╦ ╦┌─┐┌─┐┬  ┌─┐╔═╗┌─┐┬─┐┌┬┐
╠═╣├─┤├─┘│  │ │║  ├─┤├┬┘ │
╩ ╩┴ ┴┴  ┴─┘└─┘╚═╝┴ ┴┴└─ ┴


Predicting sample: stdin
Using 1 threads
Reads mapped
Done reading GAM file /tmp/Qa0lMVh
Found 152 reads.
Removing PCR duplicates ...
PCR duplicates removed.
Computing haplogroup likelihoods from 146 reads.
Processing sample 1 of 1
Mapping reads...
Reading GAM file F4DwUhB
Reads mapped
Done reading GAM file /tmp/F4DwUhB
Found 152 reads.
Removing PCR duplicates ...
PCR duplicates removed.
Computing haplogroup likelihoods from 146 reads.


#sample	predicted haplogroup	reads
stdin	HV0d	146


#sample	predicted haplogroup	reads
stdin	HV0d	146
