╦ ╦┌─┐┌─┐┬  ┌─┐╔═╗┌─┐┬─┐┌┬┐
╠═╣├─┤├─┘│  │ │║  ├─┤├┬┘ │
╩ ╩┴ ┴┴  ┴─┘└─┘╚═╝┴ ┴┴└─ ┴


Predicting sample: stdin
Using 1 threads
╦ ╦┌─┐┌─┐┬  ┌─┐╔═╗┌─┐┬─┐┌┬┐
╠═╣├─┤├─┘│  │ │║  ├─┤├┬┘ │
╩ ╩┴ ┴┴  ┴─┘└─┘╚═╝┴ ┴┴└─ ┴


Predicting sample: stdin
Using 1 threads
Processing sample 1 of 1
Mapping reads...
Reading GAM file 9MWJLZy
Reads mapped
Done reading GAM file /tmp/9MWJLZy
Found 60 reads.
Removing PCR duplicates ...
PCR duplicates removed.
Computing haplogroup likelihoods from 58 reads.
╦ ╦┌─┐┌─┐┬  ┌─┐╔═╗┌─┐┬─┐┌┬┐
╠═╣├─┤├─┘│  │ │║  ├─┤├┬┘ │
╩ ╩┴ ┴┴  ┴─┘└─┘╚═╝┴ ┴┴└─ ┴


Predicting sample: stdin
Using 1 threads


#sample	predicted haplogroup	reads
stdin	F4	58
Processing sample 1 of 1
Mapping reads...
Reading GAM file LsGgGN8
Reads mapped
Done reading GAM file /tmp/LsGgGN8
Found 60 reads.
Removing PCR duplicates ...
PCR duplicates removed.
Computing haplogroup likelihoods from 58 reads.


#sample	predicted haplogroup	reads
stdin	F4	58
