╦ ╦┌─┐┌─┐┬  ┌─┐╔═╗┌─┐┬─┐┌┬┐
╠═╣├─┤├─┘│  │ │║  ├─┤├┬┘ │
╩ ╩┴ ┴┴  ┴─┘└─┘╚═╝┴ ┴┴└─ ┴


Predicting sample: stdin
Using 1 threads
Processing sample 1 of 1
Mapping reads...
Reading GAM file KbjM1Rz
Reads mapped
Done reading GAM file /tmp/KbjM1Rz
Found 114 reads.
Removing PCR duplicates ...
PCR duplicates removed.
Computing haplogroup likelihoods from 112 reads.


#sample	predicted haplogroup	reads
stdin	H1e1c	112
╦ ╦┌─┐┌─┐┬  ┌─┐╔═╗┌─┐┬─┐┌┬┐
╠═╣├─┤├─┘│  │ │║  ├─┤├┬┘ │
╩ ╩┴ ┴┴  ┴─┘└─┘╚═╝┴ ┴┴└─ ┴


Predicting sample: stdin
Using 1 threads
Processing sample 1 of 1
Mapping reads...
Reading GAM file u8cXTXw
╦ ╦┌─┐┌─┐┬  ┌─┐╔═╗┌─┐┬─┐┌┬┐
╠═╣├─┤├─┘│  │ │║  ├─┤├┬┘ │
╩ ╩┴ ┴┴  ┴─┘└─┘╚═╝┴ ┴┴└─ ┴


Predicting sample: stdin
Using 1 threads
Reads mapped
Done reading GAM file /tmp/u8cXTXw
Found 114 reads.
Removing PCR duplicates ...
PCR duplicates removed.
Computing haplogroup likelihoods from 112 reads.
Processing sample 1 of 1
Mapping reads...
Reading GAM file Eqc3FW6
Reads mapped
Done reading GAM file /tmp/Eqc3FW6
Found 114 reads.
Removing PCR duplicates ...
PCR duplicates removed.
Computing haplogroup likelihoods from 112 reads.


#sample	predicted haplogroup	reads
stdin	H1e1c	112


#sample	predicted haplogroup	reads
stdin	H1e1c	112
