╦ ╦┌─┐┌─┐┬  ┌─┐╔═╗┌─┐┬─┐┌┬┐
╠═╣├─┤├─┘│  │ │║  ├─┤├┬┘ │
╩ ╩┴ ┴┴  ┴─┘└─┘╚═╝┴ ┴┴└─ ┴


Predicting sample: stdin
Using 1 threads
Processing sample 1 of 1
Mapping reads...
Reading GAM file EDglT9G
Reads mapped
Done reading GAM file /tmp/EDglT9G
Found 73 reads.
Removing PCR duplicates ...
PCR duplicates removed.
Computing haplogroup likelihoods from 71 reads.


#sample	predicted haplogroup	reads
stdin	F	71
╦ ╦┌─┐┌─┐┬  ┌─┐╔═╗┌─┐┬─┐┌┬┐
╠═╣├─┤├─┘│  │ │║  ├─┤├┬┘ │
╩ ╩┴ ┴┴  ┴─┘└─┘╚═╝┴ ┴┴└─ ┴


Predicting sample: stdin
Using 1 threads
Processing sample 1 of 1
Mapping reads...
Reading GAM file ERrEEWn
╦ ╦┌─┐┌─┐┬  ┌─┐╔═╗┌─┐┬─┐┌┬┐
╠═╣├─┤├─┘│  │ │║  ├─┤├┬┘ │
╩ ╩┴ ┴┴  ┴─┘└─┘╚═╝┴ ┴┴└─ ┴


Predicting sample: stdin
Using 1 threads
Reads mapped
Done reading GAM file /tmp/ERrEEWn
Found 73 reads.
Removing PCR duplicates ...
PCR duplicates removed.
Computing haplogroup likelihoods from 71 reads.
Processing sample 1 of 1
Mapping reads...
Reading GAM file qAtcoig
Reads mapped
Done reading GAM file /tmp/qAtcoig
Found 73 reads.
Removing PCR duplicates ...
PCR duplicates removed.
Computing haplogroup likelihoods from 71 reads.


#sample	predicted haplogroup	reads
stdin	F	71


#sample	predicted haplogroup	reads
stdin	F	71
