╦ ╦┌─┐┌─┐┬  ┌─┐╔═╗┌─┐┬─┐┌┬┐
╠═╣├─┤├─┘│  │ │║  ├─┤├┬┘ │
╩ ╩┴ ┴┴  ┴─┘└─┘╚═╝┴ ┴┴└─ ┴


Predicting sample: stdin
Using 1 threads
Processing sample 1 of 1
Mapping reads...
Reading GAM file lHoycvS
Reads mapped
Done reading GAM file /tmp/lHoycvS
Found 57 reads.
Removing PCR duplicates ...
PCR duplicates removed.
Computing haplogroup likelihoods from 57 reads.


#sample	predicted haplogroup	reads
stdin	H3v2	57
╦ ╦┌─┐┌─┐┬  ┌─┐╔═╗┌─┐┬─┐┌┬┐
╠═╣├─┤├─┘│  │ │║  ├─┤├┬┘ │
╩ ╩┴ ┴┴  ┴─┘└─┘╚═╝┴ ┴┴└─ ┴


Predicting sample: stdin
Using 1 threads
Processing sample 1 of 1
Mapping reads...
Reading GAM file rxGaIGT
╦ ╦┌─┐┌─┐┬  ┌─┐╔═╗┌─┐┬─┐┌┬┐
╠═╣├─┤├─┘│  │ │║  ├─┤├┬┘ │
╩ ╩┴ ┴┴  ┴─┘└─┘╚═╝┴ ┴┴└─ ┴


Predicting sample: stdin
Using 1 threads
Reads mapped
Done reading GAM file /tmp/rxGaIGT
Found 57 reads.
Removing PCR duplicates ...
PCR duplicates removed.
Computing haplogroup likelihoods from 57 reads.
Processing sample 1 of 1
Mapping reads...
Reading GAM file FlRKy1J
Reads mapped


#sample	predicted haplogroup	reads
stdin	H3v2	57
Done reading GAM file /tmp/FlRKy1J
Found 57 reads.
Removing PCR duplicates ...
PCR duplicates removed.
Computing haplogroup likelihoods from 57 reads.


#sample	predicted haplogroup	reads
stdin	H3v2	57
