╦ ╦┌─┐┌─┐┬  ┌─┐╔═╗┌─┐┬─┐┌┬┐
╠═╣├─┤├─┘│  │ │║  ├─┤├┬┘ │
╩ ╩┴ ┴┴  ┴─┘└─┘╚═╝┴ ┴┴└─ ┴


Predicting sample: stdin
Using 1 threads
╦ ╦┌─┐┌─┐┬  ┌─┐╔═╗┌─┐┬─┐┌┬┐
╠═╣├─┤├─┘│  │ │║  ├─┤├┬┘ │
╩ ╩┴ ┴┴  ┴─┘└─┘╚═╝┴ ┴┴└─ ┴


Predicting sample: stdin
Using 1 threads
Processing sample 1 of 1
Mapping reads...
Reading GAM file Mo6Y4xI
╦ ╦┌─┐┌─┐┬  ┌─┐╔═╗┌─┐┬─┐┌┬┐
╠═╣├─┤├─┘│  │ │║  ├─┤├┬┘ │
╩ ╩┴ ┴┴  ┴─┘└─┘╚═╝┴ ┴┴└─ ┴


Predicting sample: stdin
Using 1 threads
Processing sample 1 of 1
Mapping reads...
Reading GAM file Qfa7zp3
Reads mapped
Done reading GAM file /tmp/Mo6Y4xI
Found 427 reads.
Removing PCR duplicates ...
PCR duplicates removed.
Computing haplogroup likelihoods from 414 reads.
Reads mapped
Done reading GAM file /tmp/Qfa7zp3
Found 427 reads.
Removing PCR duplicates ...
PCR duplicates removed.
Computing haplogroup likelihoods from 414 reads.


#sample	predicted haplogroup	reads
stdin	H1e1c	414


#sample	predicted haplogroup	reads
stdin	H1e1c	414
