╦ ╦┌─┐┌─┐┬  ┌─┐╔═╗┌─┐┬─┐┌┬┐
╠═╣├─┤├─┘│  │ │║  ├─┤├┬┘ │
╩ ╩┴ ┴┴  ┴─┘└─┘╚═╝┴ ┴┴└─ ┴


Predicting sample: stdin
Using 1 threads
Processing sample 1 of 1
Mapping reads...
Reading GAM file 1rMHtLI
Reads mapped
Done reading GAM file /tmp/1rMHtLI
Found 31 reads.
Removing PCR duplicates ...
PCR duplicates removed.
Computing haplogroup likelihoods from 31 reads.


#sample	predicted haplogroup	reads
stdin	B2	31
╦ ╦┌─┐┌─┐┬  ┌─┐╔═╗┌─┐┬─┐┌┬┐
╠═╣├─┤├─┘│  │ │║  ├─┤├┬┘ │
╩ ╩┴ ┴┴  ┴─┘└─┘╚═╝┴ ┴┴└─ ┴


Predicting sample: stdin
Using 1 threads
Processing sample 1 of 1
Mapping reads...
Reading GAM file pRHZ82C
Reads mapped
╦ ╦┌─┐┌─┐┬  ┌─┐╔═╗┌─┐┬─┐┌┬┐
╠═╣├─┤├─┘│  │ │║  ├─┤├┬┘ │
╩ ╩┴ ┴┴  ┴─┘└─┘╚═╝┴ ┴┴└─ ┴


Predicting sample: stdin
Using 1 threads
Done reading GAM file /tmp/pRHZ82C
Found 31 reads.
Removing PCR duplicates ...
PCR duplicates removed.
Computing haplogroup likelihoods from 31 reads.


#sample	predicted haplogroup	reads
stdin	B2	31
Processing sample 1 of 1
Mapping reads...
Reading GAM file K5rc7bT
Reads mapped
Done reading GAM file /tmp/K5rc7bT
Found 31 reads.
Removing PCR duplicates ...
PCR duplicates removed.
Computing haplogroup likelihoods from 31 reads.


#sample	predicted haplogroup	reads
stdin	B2	31
