╦ ╦┌─┐┌─┐┬  ┌─┐╔═╗┌─┐┬─┐┌┬┐
╠═╣├─┤├─┘│  │ │║  ├─┤├┬┘ │
╩ ╩┴ ┴┴  ┴─┘└─┘╚═╝┴ ┴┴└─ ┴


Predicting sample: stdin
Using 1 threads
╦ ╦┌─┐┌─┐┬  ┌─┐╔═╗┌─┐┬─┐┌┬┐
╠═╣├─┤├─┘│  │ │║  ├─┤├┬┘ │
╩ ╩┴ ┴┴  ┴─┘└─┘╚═╝┴ ┴┴└─ ┴


Predicting sample: stdin
Using 1 threads
Processing sample 1 of 1
Mapping reads...
Reading GAM file nEuZlOq
Reads mapped
Done reading GAM file /tmp/nEuZlOq
Found 49 reads.
Removing PCR duplicates ...
PCR duplicates removed.
Computing haplogroup likelihoods from 49 reads.
╦ ╦┌─┐┌─┐┬  ┌─┐╔═╗┌─┐┬─┐┌┬┐
╠═╣├─┤├─┘│  │ │║  ├─┤├┬┘ │
╩ ╩┴ ┴┴  ┴─┘└─┘╚═╝┴ ┴┴└─ ┴


Predicting sample: stdin
Using 1 threads


#sample	predicted haplogroup	reads
stdin	H1aq	49
Processing sample 1 of 1
Mapping reads...
Reading GAM file cpTpkx8
Reads mapped
Done reading GAM file /tmp/cpTpkx8
Found 49 reads.
Removing PCR duplicates ...
PCR duplicates removed.
Computing haplogroup likelihoods from 49 reads.


#sample	predicted haplogroup	reads
stdin	H1aq	49
