╦ ╦┌─┐┌─┐┬  ┌─┐╔═╗┌─┐┬─┐┌┬┐
╠═╣├─┤├─┘│  │ │║  ├─┤├┬┘ │
╩ ╩┴ ┴┴  ┴─┘└─┘╚═╝┴ ┴┴└─ ┴


Predicting sample: stdin
Using 1 threads
Processing sample 1 of 1
Mapping reads...
Reading GAM file jkFF1vk
Reads mapped
Done reading GAM file /tmp/jkFF1vk
Found 77 reads.
Removing PCR duplicates ...
PCR duplicates removed.
Computing haplogroup likelihoods from 75 reads.


#sample	predicted haplogroup	reads
stdin	H1aq	75
╦ ╦┌─┐┌─┐┬  ┌─┐╔═╗┌─┐┬─┐┌┬┐
╠═╣├─┤├─┘│  │ │║  ├─┤├┬┘ │
╩ ╩┴ ┴┴  ┴─┘└─┘╚═╝┴ ┴┴└─ ┴


Predicting sample: stdin
Using 1 threads
Processing sample 1 of 1
Mapping reads...
Reading GAM file jRjxpdA
Reads mapped
Done reading GAM file /tmp/jRjxpdA
Found 77 reads.
Removing PCR duplicates ...
PCR duplicates removed.
Computing haplogroup likelihoods from 75 reads.
╦ ╦┌─┐┌─┐┬  ┌─┐╔═╗┌─┐┬─┐┌┬┐
╠═╣├─┤├─┘│  │ │║  ├─┤├┬┘ │
╩ ╩┴ ┴┴  ┴─┘└─┘╚═╝┴ ┴┴└─ ┴


Predicting sample: stdin
Using 1 threads
Processing sample 1 of 1
Mapping reads...
Reading GAM file FDB5QZx
Reads mapped
Done reading GAM file /tmp/FDB5QZx
Found 77 reads.
Removing PCR duplicates ...
PCR duplicates removed.
Computing haplogroup likelihoods from 75 reads.


#sample	predicted haplogroup	reads
stdin	H1aq	75


#sample	predicted haplogroup	reads
stdin	H1aq	75
