╦ ╦┌─┐┌─┐┬  ┌─┐╔═╗┌─┐┬─┐┌┬┐
╠═╣├─┤├─┘│  │ │║  ├─┤├┬┘ │
╩ ╩┴ ┴┴  ┴─┘└─┘╚═╝┴ ┴┴└─ ┴


Predicting sample: stdin
Using 1 threads
Processing sample 1 of 1
Mapping reads...
Reading GAM file D5DgxQO
Reads mapped
Done reading GAM file /tmp/D5DgxQO
Found 34 reads.
Removing PCR duplicates ...
PCR duplicates removed.
Computing haplogroup likelihoods from 34 reads.


#sample	predicted haplogroup	reads
stdin	B2	34
╦ ╦┌─┐┌─┐┬  ┌─┐╔═╗┌─┐┬─┐┌┬┐
╠═╣├─┤├─┘│  │ │║  ├─┤├┬┘ │
╩ ╩┴ ┴┴  ┴─┘└─┘╚═╝┴ ┴┴└─ ┴


Predicting sample: stdin
Using 1 threads
Processing sample 1 of 1
Mapping reads...
Reading GAM file svT55H5
Reads mapped
Done reading GAM file /tmp/svT55H5
Found 34 reads.
Removing PCR duplicates ...
PCR duplicates removed.
Computing haplogroup likelihoods from 34 reads.
╦ ╦┌─┐┌─┐┬  ┌─┐╔═╗┌─┐┬─┐┌┬┐
╠═╣├─┤├─┘│  │ │║  ├─┤├┬┘ │
╩ ╩┴ ┴┴  ┴─┘└─┘╚═╝┴ ┴┴└─ ┴


Predicting sample: stdin
Using 1 threads


#sample	predicted haplogroup	reads
stdin	B2	34
Processing sample 1 of 1
Mapping reads...
Reading GAM file 6Ses0iv
Reads mapped
Done reading GAM file /tmp/6Ses0iv
Found 34 reads.
Removing PCR duplicates ...
PCR duplicates removed.
Computing haplogroup likelihoods from 34 reads.


#sample	predicted haplogroup	reads
stdin	B2	34
