╦ ╦┌─┐┌─┐┬  ┌─┐╔═╗┌─┐┬─┐┌┬┐
╠═╣├─┤├─┘│  │ │║  ├─┤├┬┘ │
╩ ╩┴ ┴┴  ┴─┘└─┘╚═╝┴ ┴┴└─ ┴


Predicting sample: stdin
Using 1 threads
╦ ╦┌─┐┌─┐┬  ┌─┐╔═╗┌─┐┬─┐┌┬┐
╠═╣├─┤├─┘│  │ │║  ├─┤├┬┘ │
╩ ╩┴ ┴┴  ┴─┘└─┘╚═╝┴ ┴┴└─ ┴


Predicting sample: stdin
Using 1 threads
Processing sample 1 of 1
Mapping reads...
Reading GAM file zYqmxwu
╦ ╦┌─┐┌─┐┬  ┌─┐╔═╗┌─┐┬─┐┌┬┐
╠═╣├─┤├─┘│  │ │║  ├─┤├┬┘ │
╩ ╩┴ ┴┴  ┴─┘└─┘╚═╝┴ ┴┴└─ ┴


Predicting sample: stdin
Using 1 threads
Reads mapped
Done reading GAM file /tmp/zYqmxwu
Found 124 reads.
Removing PCR duplicates ...
PCR duplicates removed.
Computing haplogroup likelihoods from 121 reads.
Processing sample 1 of 1
Reading GAM file oDV5kGk
Mapping reads...
Reads mapped
Done reading GAM file /tmp/oDV5kGk
Found 124 reads.
Removing PCR duplicates ...
PCR duplicates removed.
Computing haplogroup likelihoods from 121 reads.


#sample	predicted haplogroup	reads
stdin	H1aq	121


#sample	predicted haplogroup	reads
stdin	H1aq	121
