╦ ╦┌─┐┌─┐┬  ┌─┐╔═╗┌─┐┬─┐┌┬┐
╠═╣├─┤├─┘│  │ │║  ├─┤├┬┘ │
╩ ╩┴ ┴┴  ┴─┘└─┘╚═╝┴ ┴┴└─ ┴


Predicting sample: stdin
Using 1 threads
Processing sample 1 of 1
Mapping reads...
Reading GAM file rqxVuT8
Reads mapped
Done reading GAM file /tmp/rqxVuT8
Found 41 reads.
Removing PCR duplicates ...
PCR duplicates removed.
Computing haplogroup likelihoods from 41 reads.


#sample	predicted haplogroup	reads
stdin	H1e1a7	41
╦ ╦┌─┐┌─┐┬  ┌─┐╔═╗┌─┐┬─┐┌┬┐
╠═╣├─┤├─┘│  │ │║  ├─┤├┬┘ │
╩ ╩┴ ┴┴  ┴─┘└─┘╚═╝┴ ┴┴└─ ┴


Predicting sample: stdin
Using 1 threads
Processing sample 1 of 1
Mapping reads...
Reading GAM file EHduAvG
╦ ╦┌─┐┌─┐┬  ┌─┐╔═╗┌─┐┬─┐┌┬┐
╠═╣├─┤├─┘│  │ │║  ├─┤├┬┘ │
╩ ╩┴ ┴┴  ┴─┘└─┘╚═╝┴ ┴┴└─ ┴


Predicting sample: stdin
Using 1 threads
Reads mapped
Done reading GAM file /tmp/EHduAvG
Found 41 reads.
Removing PCR duplicates ...
PCR duplicates removed.
Computing haplogroup likelihoods from 41 reads.
Processing sample 1 of 1
Mapping reads...


#sample	predicted haplogroup	reads
stdin	H1e1a7	41
Reading GAM file xH0112i
Reads mapped
Done reading GAM file /tmp/xH0112i
Found 41 reads.
Removing PCR duplicates ...
PCR duplicates removed.
Computing haplogroup likelihoods from 41 reads.


#sample	predicted haplogroup	reads
stdin	H1e1a7	41
