╦ ╦┌─┐┌─┐┬  ┌─┐╔═╗┌─┐┬─┐┌┬┐
╠═╣├─┤├─┘│  │ │║  ├─┤├┬┘ │
╩ ╩┴ ┴┴  ┴─┘└─┘╚═╝┴ ┴┴└─ ┴


Predicting sample: stdin
Using 1 threads
╦ ╦┌─┐┌─┐┬  ┌─┐╔═╗┌─┐┬─┐┌┬┐
╠═╣├─┤├─┘│  │ │║  ├─┤├┬┘ │
╩ ╩┴ ┴┴  ┴─┘└─┘╚═╝┴ ┴┴└─ ┴


Predicting sample: stdin
Using 1 threads
Processing sample 1 of 1
Mapping reads...
Reading GAM file nEeLO0P
╦ ╦┌─┐┌─┐┬  ┌─┐╔═╗┌─┐┬─┐┌┬┐
╠═╣├─┤├─┘│  │ │║  ├─┤├┬┘ │
╩ ╩┴ ┴┴  ┴─┘└─┘╚═╝┴ ┴┴└─ ┴


Predicting sample: stdin
Using 1 threads
Processing sample 1 of 1
Mapping reads...
Reading GAM file FIghf9Y
Reads mapped
Done reading GAM file /tmp/nEeLO0P
Found 221 reads.
Removing PCR duplicates ...
PCR duplicates removed.
Computing haplogroup likelihoods from 218 reads.
Reads mapped
Done reading GAM file /tmp/FIghf9Y
Found 221 reads.
Removing PCR duplicates ...
PCR duplicates removed.
Computing haplogroup likelihoods from 218 reads.


#sample	predicted haplogroup	reads
stdin	H1ah	218


#sample	predicted haplogroup	reads
stdin	H1ah	218
