╦ ╦┌─┐┌─┐┬  ┌─┐╔═╗┌─┐┬─┐┌┬┐
╠═╣├─┤├─┘│  │ │║  ├─┤├┬┘ │
╩ ╩┴ ┴┴  ┴─┘└─┘╚═╝┴ ┴┴└─ ┴


Predicting sample: stdin
Using 1 threads
╦ ╦┌─┐┌─┐┬  ┌─┐╔═╗┌─┐┬─┐┌┬┐
╠═╣├─┤├─┘│  │ │║  ├─┤├┬┘ │
╩ ╩┴ ┴┴  ┴─┘└─┘╚═╝┴ ┴┴└─ ┴


Predicting sample: stdin
Using 1 threads
Processing sample 1 of 1
Mapping reads...
Reading GAM file fSXXDsX
╦ ╦┌─┐┌─┐┬  ┌─┐╔═╗┌─┐┬─┐┌┬┐
╠═╣├─┤├─┘│  │ │║  ├─┤├┬┘ │
╩ ╩┴ ┴┴  ┴─┘└─┘╚═╝┴ ┴┴└─ ┴


Predicting sample: stdin
Using 1 threads
Reads mapped
Done reading GAM file /tmp/fSXXDsX
Found 503 reads.
Removing PCR duplicates ...
PCR duplicates removed.
Computing haplogroup likelihoods from 492 reads.
Processing sample 1 of 1
Mapping reads...
Reading GAM file 3zedQP7
Reads mapped
Done reading GAM file /tmp/3zedQP7
Found 503 reads.
Removing PCR duplicates ...
PCR duplicates removed.
Computing haplogroup likelihoods from 492 reads.


#sample	predicted haplogroup	reads
stdin	H1ah	492


#sample	predicted haplogroup	reads
stdin	H1ah	492
