╦ ╦┌─┐┌─┐┬  ┌─┐╔═╗┌─┐┬─┐┌┬┐
╠═╣├─┤├─┘│  │ │║  ├─┤├┬┘ │
╩ ╩┴ ┴┴  ┴─┘└─┘╚═╝┴ ┴┴└─ ┴


Predicting sample: stdin
Using 1 threads
╦ ╦┌─┐┌─┐┬  ┌─┐╔═╗┌─┐┬─┐┌┬┐
╠═╣├─┤├─┘│  │ │║  ├─┤├┬┘ │
╩ ╩┴ ┴┴  ┴─┘└─┘╚═╝┴ ┴┴└─ ┴


Predicting sample: stdin
Using 1 threads
Processing sample 1 of 1
Mapping reads...
Reading GAM file xhROEz4
╦ ╦┌─┐┌─┐┬  ┌─┐╔═╗┌─┐┬─┐┌┬┐
╠═╣├─┤├─┘│  │ │║  ├─┤├┬┘ │
╩ ╩┴ ┴┴  ┴─┘└─┘╚═╝┴ ┴┴└─ ┴


Predicting sample: stdin
Using 1 threads
Processing sample 1 of 1
Mapping reads...
Reading GAM file mfBTgmD
Reads mapped
Done reading GAM file /tmp/xhROEz4
Found 156 reads.
Removing PCR duplicates ...
PCR duplicates removed.
Computing haplogroup likelihoods from 155 reads.
Reads mapped
Done reading GAM file /tmp/mfBTgmD
Found 156 reads.
Removing PCR duplicates ...
PCR duplicates removed.
Computing haplogroup likelihoods from 155 reads.


#sample	predicted haplogroup	reads
stdin	C4a1a	155


#sample	predicted haplogroup	reads
stdin	C4a1a	155
