╦ ╦┌─┐┌─┐┬  ┌─┐╔═╗┌─┐┬─┐┌┬┐
╠═╣├─┤├─┘│  │ │║  ├─┤├┬┘ │
╩ ╩┴ ┴┴  ┴─┘└─┘╚═╝┴ ┴┴└─ ┴


Predicting sample: stdin
Using 1 threads
Processing sample 1 of 1
Mapping reads...
Reading GAM file 0jyw957
Reads mapped
Done reading GAM file /tmp/0jyw957
Found 69 reads.
Removing PCR duplicates ...
PCR duplicates removed.
Computing haplogroup likelihoods from 68 reads.


#sample	predicted haplogroup	reads
stdin	C4a1a	68
╦ ╦┌─┐┌─┐┬  ┌─┐╔═╗┌─┐┬─┐┌┬┐
╠═╣├─┤├─┘│  │ │║  ├─┤├┬┘ │
╩ ╩┴ ┴┴  ┴─┘└─┘╚═╝┴ ┴┴└─ ┴


Predicting sample: stdin
Using 1 threads
Processing sample 1 of 1
Mapping reads...
Reading GAM file X0lB1Ax
╦ ╦┌─┐┌─┐┬  ┌─┐╔═╗┌─┐┬─┐┌┬┐
╠═╣├─┤├─┘│  │ │║  ├─┤├┬┘ │
╩ ╩┴ ┴┴  ┴─┘└─┘╚═╝┴ ┴┴└─ ┴


Predicting sample: stdin
Using 1 threads
Processing sample 1 of 1
Mapping reads...
Reading GAM file cybfulI
Reads mapped
Done reading GAM file /tmp/X0lB1Ax
Found 69 reads.
Removing PCR duplicates ...
PCR duplicates removed.
Computing haplogroup likelihoods from 68 reads.
Reads mapped
Done reading GAM file /tmp/cybfulI
Found 69 reads.
Removing PCR duplicates ...
PCR duplicates removed.
Computing haplogroup likelihoods from 68 reads.


#sample	predicted haplogroup	reads
stdin	C4a1a	68


#sample	predicted haplogroup	reads
stdin	C4a1a	68
