╦ ╦┌─┐┌─┐┬  ┌─┐╔═╗┌─┐┬─┐┌┬┐
╠═╣├─┤├─┘│  │ │║  ├─┤├┬┘ │
╩ ╩┴ ┴┴  ┴─┘└─┘╚═╝┴ ┴┴└─ ┴


Predicting sample: stdin
Using 1 threads
Processing sample 1 of 1
Mapping reads...
Reading GAM file 3NZT7FZ
Reads mapped
Done reading GAM file /tmp/3NZT7FZ
Found 27 reads.
Removing PCR duplicates ...
PCR duplicates removed.
Computing haplogroup likelihoods from 27 reads.


#sample	predicted haplogroup	reads
stdin	D4n	27
╦ ╦┌─┐┌─┐┬  ┌─┐╔═╗┌─┐┬─┐┌┬┐
╠═╣├─┤├─┘│  │ │║  ├─┤├┬┘ │
╩ ╩┴ ┴┴  ┴─┘└─┘╚═╝┴ ┴┴└─ ┴


Predicting sample: stdin
Using 1 threads
Processing sample 1 of 1
Mapping reads...
Reading GAM file fYmPfYp
╦ ╦┌─┐┌─┐┬  ┌─┐╔═╗┌─┐┬─┐┌┬┐
╠═╣├─┤├─┘│  │ │║  ├─┤├┬┘ │
╩ ╩┴ ┴┴  ┴─┘└─┘╚═╝┴ ┴┴└─ ┴


Predicting sample: stdin
Using 1 threads
Reads mapped
Done reading GAM file /tmp/fYmPfYp
Found 27 reads.
Removing PCR duplicates ...
PCR duplicates removed.
Computing haplogroup likelihoods from 27 reads.
Processing sample 1 of 1
Mapping reads...
Reading GAM file u376faT


#sample	predicted haplogroup	reads
stdin	D4n	27
Reads mapped
Done reading GAM file /tmp/u376faT
Found 27 reads.
Removing PCR duplicates ...
PCR duplicates removed.
Computing haplogroup likelihoods from 27 reads.


#sample	predicted haplogroup	reads
stdin	D4n	27
