╦ ╦┌─┐┌─┐┬  ┌─┐╔═╗┌─┐┬─┐┌┬┐
╠═╣├─┤├─┘│  │ │║  ├─┤├┬┘ │
╩ ╩┴ ┴┴  ┴─┘└─┘╚═╝┴ ┴┴└─ ┴


Predicting sample: stdin
Using 1 threads
╦ ╦┌─┐┌─┐┬  ┌─┐╔═╗┌─┐┬─┐┌┬┐
╠═╣├─┤├─┘│  │ │║  ├─┤├┬┘ │
╩ ╩┴ ┴┴  ┴─┘└─┘╚═╝┴ ┴┴└─ ┴


Predicting sample: stdin
Using 1 threads
Processing sample 1 of 1
Mapping reads...
Reading GAM file H3CKurB
╦ ╦┌─┐┌─┐┬  ┌─┐╔═╗┌─┐┬─┐┌┬┐
╠═╣├─┤├─┘│  │ │║  ├─┤├┬┘ │
╩ ╩┴ ┴┴  ┴─┘└─┘╚═╝┴ ┴┴└─ ┴


Predicting sample: stdin
Using 1 threads
Processing sample 1 of 1
Mapping reads...
Reading GAM file WZ2UwUA
Reads mapped
Done reading GAM file /tmp/H3CKurB
Found 342 reads.
Removing PCR duplicates ...
PCR duplicates removed.
Computing haplogroup likelihoods from 338 reads.
Reads mapped
Done reading GAM file /tmp/WZ2UwUA
Found 342 reads.
Removing PCR duplicates ...
PCR duplicates removed.
Computing haplogroup likelihoods from 338 reads.


#sample	predicted haplogroup	reads
stdin	C4a1a1	338


#sample	predicted haplogroup	reads
stdin	C4a1a1	338
