╦ ╦┌─┐┌─┐┬  ┌─┐╔═╗┌─┐┬─┐┌┬┐
╠═╣├─┤├─┘│  │ │║  ├─┤├┬┘ │
╩ ╩┴ ┴┴  ┴─┘└─┘╚═╝┴ ┴┴└─ ┴


Predicting sample: stdin
Using 1 threads
Processing sample 1 of 1
Mapping reads...
Reading GAM file zL2VaMX
Reads mapped
Done reading GAM file /tmp/zL2VaMX
Found 84 reads.
Removing PCR duplicates ...
PCR duplicates removed.
Computing haplogroup likelihoods from 84 reads.


#sample	predicted haplogroup	reads
stdin	J1c9	84
╦ ╦┌─┐┌─┐┬  ┌─┐╔═╗┌─┐┬─┐┌┬┐
╠═╣├─┤├─┘│  │ │║  ├─┤├┬┘ │
╩ ╩┴ ┴┴  ┴─┘└─┘╚═╝┴ ┴┴└─ ┴


Predicting sample: stdin
Using 1 threads
Processing sample 1 of 1
Mapping reads...
Reading GAM file zaZRX70
╦ ╦┌─┐┌─┐┬  ┌─┐╔═╗┌─┐┬─┐┌┬┐
╠═╣├─┤├─┘│  │ │║  ├─┤├┬┘ │
╩ ╩┴ ┴┴  ┴─┘└─┘╚═╝┴ ┴┴└─ ┴


Predicting sample: stdin
Using 1 threads
Processing sample 1 of 1
Mapping reads...
Reading GAM file PopN6jo
Reads mapped
Done reading GAM file /tmp/zaZRX70
Found 84 reads.
Removing PCR duplicates ...
PCR duplicates removed.
Computing haplogroup likelihoods from 84 reads.
Reads mapped
Done reading GAM file /tmp/PopN6jo
Found 84 reads.
Removing PCR duplicates ...
PCR duplicates removed.
Computing haplogroup likelihoods from 84 reads.


#sample	predicted haplogroup	reads
stdin	J1c9	84


#sample	predicted haplogroup	reads
stdin	J1c9	84
