╦ ╦┌─┐┌─┐┬  ┌─┐╔═╗┌─┐┬─┐┌┬┐
╠═╣├─┤├─┘│  │ │║  ├─┤├┬┘ │
╩ ╩┴ ┴┴  ┴─┘└─┘╚═╝┴ ┴┴└─ ┴


Predicting sample: stdin
Using 1 threads
Processing sample 1 of 1
Mapping reads...
Reading GAM file TlkFFEn
Reads mapped
Done reading GAM file /tmp/TlkFFEn
Found 43 reads.
Removing PCR duplicates ...
PCR duplicates removed.
Computing haplogroup likelihoods from 43 reads.


#sample	predicted haplogroup	reads
stdin	J1c9	43
╦ ╦┌─┐┌─┐┬  ┌─┐╔═╗┌─┐┬─┐┌┬┐
╠═╣├─┤├─┘│  │ │║  ├─┤├┬┘ │
╩ ╩┴ ┴┴  ┴─┘└─┘╚═╝┴ ┴┴└─ ┴


Predicting sample: stdin
Using 1 threads
Processing sample 1 of 1
Mapping reads...
Reading GAM file YSv8IVx
╦ ╦┌─┐┌─┐┬  ┌─┐╔═╗┌─┐┬─┐┌┬┐
╠═╣├─┤├─┘│  │ │║  ├─┤├┬┘ │
╩ ╩┴ ┴┴  ┴─┘└─┘╚═╝┴ ┴┴└─ ┴


Predicting sample: stdin
Using 1 threads
Reads mapped
Done reading GAM file /tmp/YSv8IVx
Found 43 reads.
Removing PCR duplicates ...
PCR duplicates removed.
Computing haplogroup likelihoods from 43 reads.
Processing sample 1 of 1
Mapping reads...
Reading GAM file TQoJbKv
Reads mapped


#sample	predicted haplogroup	reads
stdin	J1c9	43
Done reading GAM file /tmp/TQoJbKv
Found 43 reads.
Removing PCR duplicates ...
PCR duplicates removed.
Computing haplogroup likelihoods from 43 reads.


#sample	predicted haplogroup	reads
stdin	J1c9	43
