╦ ╦┌─┐┌─┐┬  ┌─┐╔═╗┌─┐┬─┐┌┬┐
╠═╣├─┤├─┘│  │ │║  ├─┤├┬┘ │
╩ ╩┴ ┴┴  ┴─┘└─┘╚═╝┴ ┴┴└─ ┴


Predicting sample: stdin
Using 1 threads
╦ ╦┌─┐┌─┐┬  ┌─┐╔═╗┌─┐┬─┐┌┬┐
╠═╣├─┤├─┘│  │ │║  ├─┤├┬┘ │
╩ ╩┴ ┴┴  ┴─┘└─┘╚═╝┴ ┴┴└─ ┴


Predicting sample: stdin
Using 1 threads
Processing sample 1 of 1
Mapping reads...
Reading GAM file sJYq1z2
╦ ╦┌─┐┌─┐┬  ┌─┐╔═╗┌─┐┬─┐┌┬┐
╠═╣├─┤├─┘│  │ │║  ├─┤├┬┘ │
╩ ╩┴ ┴┴  ┴─┘└─┘╚═╝┴ ┴┴└─ ┴


Predicting sample: stdin
Using 1 threads
Processing sample 1 of 1
Mapping reads...
Reading GAM file L7wTUtu
Reads mapped
Done reading GAM file /tmp/sJYq1z2
Found 306 reads.
Removing PCR duplicates ...
PCR duplicates removed.
Computing haplogroup likelihoods from 305 reads.
Reads mapped
Done reading GAM file /tmp/L7wTUtu
Found 306 reads.
Removing PCR duplicates ...
PCR duplicates removed.
Computing haplogroup likelihoods from 305 reads.


#sample	predicted haplogroup	reads
stdin	J1c9	305


#sample	predicted haplogroup	reads
stdin	J1c9	305
