╦ ╦┌─┐┌─┐┬  ┌─┐╔═╗┌─┐┬─┐┌┬┐
╠═╣├─┤├─┘│  │ │║  ├─┤├┬┘ │
╩ ╩┴ ┴┴  ┴─┘└─┘╚═╝┴ ┴┴└─ ┴


Predicting sample: stdin
Using 1 threads
Processing sample 1 of 1
Mapping reads...
Guessing that /home/projects/MAAG/Magpie/Magpie/vgan_uncorrected/share/vgan/hcfiles/graph.gg is GBWTGraph
Guessing that /home/projects/MAAG/Magpie/Magpie/vgan_uncorrected/share/vgan/hcfiles/graph.xg is XG
Guessing that /home/projects/MAAG/Magpie/Magpie/vgan_uncorrected/share/vgan/hcfiles/graph.gbwt is Giraffe GBWT
Reading GAM file l6uAT2E
warning[vg::giraffe]: Refusing to perform too-large tail alignment of 161 bp against 32300 bp tree which would use more than 1572864 cells and might exhaust Dozeu's allocator; suppressing further warnings.
Reads mapped
Done reading GAM file /tmp/l6uAT2E
Found 739 reads.
Removing PCR duplicates ...
PCR duplicates removed.
Computing haplogroup likelihoods from 650 reads.


#sample	predicted haplogroup	reads
stdin	J1c	650
