╦ ╦┌─┐┌─┐┬  ┌─┐╔═╗┌─┐┬─┐┌┬┐
╠═╣├─┤├─┘│  │ │║  ├─┤├┬┘ │
╩ ╩┴ ┴┴  ┴─┘└─┘╚═╝┴ ┴┴└─ ┴


Predicting sample: stdin
Using 1 threads
╦ ╦┌─┐┌─┐┬  ┌─┐╔═╗┌─┐┬─┐┌┬┐
╠═╣├─┤├─┘│  │ │║  ├─┤├┬┘ │
╩ ╩┴ ┴┴  ┴─┘└─┘╚═╝┴ ┴┴└─ ┴


Predicting sample: stdin
Using 1 threads
Processing sample 1 of 1
Mapping reads...
Reading GAM file d2P4Mgw
╦ ╦┌─┐┌─┐┬  ┌─┐╔═╗┌─┐┬─┐┌┬┐
╠═╣├─┤├─┘│  │ │║  ├─┤├┬┘ │
╩ ╩┴ ┴┴  ┴─┘└─┘╚═╝┴ ┴┴└─ ┴


Predicting sample: stdin
Using 1 threads
Processing sample 1 of 1
Mapping reads...
Reading GAM file GgsU9W2
Reads mapped
Done reading GAM file /tmp/d2P4Mgw
Found 168 reads.
Removing PCR duplicates ...
PCR duplicates removed.
Computing haplogroup likelihoods from 168 reads.
Reads mapped
Done reading GAM file /tmp/GgsU9W2
Found 168 reads.
Removing PCR duplicates ...
PCR duplicates removed.
Computing haplogroup likelihoods from 168 reads.


#sample	predicted haplogroup	reads
stdin	J1c9	168


#sample	predicted haplogroup	reads
stdin	J1c9	168
