╦ ╦┌─┐┌─┐┬  ┌─┐╔═╗┌─┐┬─┐┌┬┐
╠═╣├─┤├─┘│  │ │║  ├─┤├┬┘ │
╩ ╩┴ ┴┴  ┴─┘└─┘╚═╝┴ ┴┴└─ ┴


Predicting sample: stdin
Using 1 threads
╦ ╦┌─┐┌─┐┬  ┌─┐╔═╗┌─┐┬─┐┌┬┐
╠═╣├─┤├─┘│  │ │║  ├─┤├┬┘ │
╩ ╩┴ ┴┴  ┴─┘└─┘╚═╝┴ ┴┴└─ ┴


Predicting sample: stdin
Using 1 threads
Processing sample 1 of 1
Mapping reads...
Reading GAM file 6Du7cLI
╦ ╦┌─┐┌─┐┬  ┌─┐╔═╗┌─┐┬─┐┌┬┐
╠═╣├─┤├─┘│  │ │║  ├─┤├┬┘ │
╩ ╩┴ ┴┴  ┴─┘└─┘╚═╝┴ ┴┴└─ ┴


Predicting sample: stdin
Using 1 threads
Processing sample 1 of 1
Mapping reads...
Reading GAM file FLL7lZt
Reads mapped
Done reading GAM file /tmp/6Du7cLI
Found 165 reads.
Removing PCR duplicates ...
PCR duplicates removed.
Computing haplogroup likelihoods from 164 reads.
Reads mapped
Done reading GAM file /tmp/FLL7lZt
Found 165 reads.
Removing PCR duplicates ...
PCR duplicates removed.
Computing haplogroup likelihoods from 164 reads.


#sample	predicted haplogroup	reads
stdin	H10c	164


#sample	predicted haplogroup	reads
stdin	H10c	164
