╦ ╦┌─┐┌─┐┬  ┌─┐╔═╗┌─┐┬─┐┌┬┐
╠═╣├─┤├─┘│  │ │║  ├─┤├┬┘ │
╩ ╩┴ ┴┴  ┴─┘└─┘╚═╝┴ ┴┴└─ ┴


Predicting sample: stdin
Using 1 threads
Processing sample 1 of 1
Mapping reads...
Reading GAM file slbZYkm
Reads mapped
Done reading GAM file /tmp/slbZYkm
Found 78 reads.
Removing PCR duplicates ...
PCR duplicates removed.
Computing haplogroup likelihoods from 78 reads.


#sample	predicted haplogroup	reads
stdin	H5c	78
╦ ╦┌─┐┌─┐┬  ┌─┐╔═╗┌─┐┬─┐┌┬┐
╠═╣├─┤├─┘│  │ │║  ├─┤├┬┘ │
╩ ╩┴ ┴┴  ┴─┘└─┘╚═╝┴ ┴┴└─ ┴


Predicting sample: stdin
Using 1 threads
Processing sample 1 of 1
Mapping reads...
Reading GAM file Wbn2Dd2
╦ ╦┌─┐┌─┐┬  ┌─┐╔═╗┌─┐┬─┐┌┬┐
╠═╣├─┤├─┘│  │ │║  ├─┤├┬┘ │
╩ ╩┴ ┴┴  ┴─┘└─┘╚═╝┴ ┴┴└─ ┴


Predicting sample: stdin
Using 1 threads
Processing sample 1 of 1
Mapping reads...
Reading GAM file mQ4cNnu
Reads mapped
Done reading GAM file /tmp/Wbn2Dd2
Found 78 reads.
Removing PCR duplicates ...
PCR duplicates removed.
Computing haplogroup likelihoods from 78 reads.
Reads mapped
Done reading GAM file /tmp/mQ4cNnu
Found 78 reads.
Removing PCR duplicates ...
PCR duplicates removed.
Computing haplogroup likelihoods from 78 reads.


#sample	predicted haplogroup	reads
stdin	H5c	78


#sample	predicted haplogroup	reads
stdin	H5c	78
