╦ ╦┌─┐┌─┐┬  ┌─┐╔═╗┌─┐┬─┐┌┬┐
╠═╣├─┤├─┘│  │ │║  ├─┤├┬┘ │
╩ ╩┴ ┴┴  ┴─┘└─┘╚═╝┴ ┴┴└─ ┴


Predicting sample: stdin
Using 1 threads
Processing sample 1 of 1
Mapping reads...
Reading GAM file CpyZ6KX
Reads mapped
Done reading GAM file /tmp/CpyZ6KX
Found 48 reads.
Removing PCR duplicates ...
PCR duplicates removed.
Computing haplogroup likelihoods from 48 reads.


#sample	predicted haplogroup	reads
stdin	H5a1	48
╦ ╦┌─┐┌─┐┬  ┌─┐╔═╗┌─┐┬─┐┌┬┐
╠═╣├─┤├─┘│  │ │║  ├─┤├┬┘ │
╩ ╩┴ ┴┴  ┴─┘└─┘╚═╝┴ ┴┴└─ ┴


Predicting sample: stdin
Using 1 threads
Processing sample 1 of 1
Mapping reads...
Reading GAM file 7VuKEEf
╦ ╦┌─┐┌─┐┬  ┌─┐╔═╗┌─┐┬─┐┌┬┐
╠═╣├─┤├─┘│  │ │║  ├─┤├┬┘ │
╩ ╩┴ ┴┴  ┴─┘└─┘╚═╝┴ ┴┴└─ ┴


Predicting sample: stdin
Using 1 threads
Reads mapped
Done reading GAM file /tmp/7VuKEEf
Found 48 reads.
Removing PCR duplicates ...
PCR duplicates removed.
Computing haplogroup likelihoods from 48 reads.
Processing sample 1 of 1
Mapping reads...
Reading GAM file WQ53ZPg


#sample	predicted haplogroup	reads
stdin	H1	48
Reads mapped
Done reading GAM file /tmp/WQ53ZPg
Found 48 reads.
Removing PCR duplicates ...
PCR duplicates removed.
Computing haplogroup likelihoods from 48 reads.


#sample	predicted haplogroup	reads
stdin	H5a1	48
