╦ ╦┌─┐┌─┐┬  ┌─┐╔═╗┌─┐┬─┐┌┬┐
╠═╣├─┤├─┘│  │ │║  ├─┤├┬┘ │
╩ ╩┴ ┴┴  ┴─┘└─┘╚═╝┴ ┴┴└─ ┴


Predicting sample: stdin
Using 1 threads
Processing sample 1 of 1
Mapping reads...
Guessing that /home/projects/MAAG/Magpie/Magpie/vgan_uncorrected/share/vgan/hcfiles/graph.gg is GBWTGraph
Guessing that /home/projects/MAAG/Magpie/Magpie/vgan_uncorrected/share/vgan/hcfiles/graph.xg is XG
Guessing that /home/projects/MAAG/Magpie/Magpie/vgan_uncorrected/share/vgan/hcfiles/graph.gbwt is Giraffe GBWT
Reading GAM file ZcEJChY
warning[vg::giraffe]: Refusing to perform too-large tail alignment of 93 bp against 17738 bp tree which would use more than 1572864 cells and might exhaust Dozeu's allocator; suppressing further warnings.
Reads mapped
Done reading GAM file /tmp/ZcEJChY
Found 102 reads.
Removing PCR duplicates ...
PCR duplicates removed.
Computing haplogroup likelihoods from 96 reads.


#sample	predicted haplogroup	reads
stdin	T2b32	96
