╦ ╦┌─┐┌─┐┬  ┌─┐╔═╗┌─┐┬─┐┌┬┐
╠═╣├─┤├─┘│  │ │║  ├─┤├┬┘ │
╩ ╩┴ ┴┴  ┴─┘└─┘╚═╝┴ ┴┴└─ ┴


Predicting sample: stdin
Using 1 threads
Processing sample 1 of 1
Mapping reads...
Reading GAM file UM8wCkM
Reads mapped
Done reading GAM file /tmp/UM8wCkM
Found 27 reads.
Removing PCR duplicates ...
PCR duplicates removed.
Computing haplogroup likelihoods from 27 reads.


#sample	predicted haplogroup	reads
stdin	B4b1a2c	27
╦ ╦┌─┐┌─┐┬  ┌─┐╔═╗┌─┐┬─┐┌┬┐
╠═╣├─┤├─┘│  │ │║  ├─┤├┬┘ │
╩ ╩┴ ┴┴  ┴─┘└─┘╚═╝┴ ┴┴└─ ┴


Predicting sample: stdin
Using 1 threads
Processing sample 1 of 1
Mapping reads...
Reading GAM file 4jXTf3g
╦ ╦┌─┐┌─┐┬  ┌─┐╔═╗┌─┐┬─┐┌┬┐
╠═╣├─┤├─┘│  │ │║  ├─┤├┬┘ │
╩ ╩┴ ┴┴  ┴─┘└─┘╚═╝┴ ┴┴└─ ┴


Predicting sample: stdin
Using 1 threads
Reads mapped
Done reading GAM file /tmp/4jXTf3g
Found 27 reads.
Removing PCR duplicates ...
PCR duplicates removed.
Computing haplogroup likelihoods from 27 reads.
Processing sample 1 of 1
Mapping reads...
Reading GAM file eHUc8pI


#sample	predicted haplogroup	reads
stdin	B4b1a2c	27
Reads mapped
Done reading GAM file /tmp/eHUc8pI
Found 27 reads.
Removing PCR duplicates ...
PCR duplicates removed.
Computing haplogroup likelihoods from 27 reads.


#sample	predicted haplogroup	reads
stdin	B4b1a2c	27
