╦ ╦┌─┐┌─┐┬  ┌─┐╔═╗┌─┐┬─┐┌┬┐
╠═╣├─┤├─┘│  │ │║  ├─┤├┬┘ │
╩ ╩┴ ┴┴  ┴─┘└─┘╚═╝┴ ┴┴└─ ┴


Predicting sample: stdin
Using 1 threads
╦ ╦┌─┐┌─┐┬  ┌─┐╔═╗┌─┐┬─┐┌┬┐
╠═╣├─┤├─┘│  │ │║  ├─┤├┬┘ │
╩ ╩┴ ┴┴  ┴─┘└─┘╚═╝┴ ┴┴└─ ┴


Predicting sample: stdin
Using 1 threads
Processing sample 1 of 1
Mapping reads...
Reading GAM file mvdbTvm
╦ ╦┌─┐┌─┐┬  ┌─┐╔═╗┌─┐┬─┐┌┬┐
╠═╣├─┤├─┘│  │ │║  ├─┤├┬┘ │
╩ ╩┴ ┴┴  ┴─┘└─┘╚═╝┴ ┴┴└─ ┴


Predicting sample: stdin
Using 1 threads
Processing sample 1 of 1
Mapping reads...
Reading GAM file jWt5Mfd
Reads mapped
Done reading GAM file /tmp/mvdbTvm
Found 182 reads.
Removing PCR duplicates ...
PCR duplicates removed.
Computing haplogroup likelihoods from 181 reads.
Reads mapped
Done reading GAM file /tmp/jWt5Mfd
Found 182 reads.
Removing PCR duplicates ...
PCR duplicates removed.
Computing haplogroup likelihoods from 181 reads.


#sample	predicted haplogroup	reads
stdin	T2b	181


#sample	predicted haplogroup	reads
stdin	T2b	181
