╦ ╦┌─┐┌─┐┬  ┌─┐╔═╗┌─┐┬─┐┌┬┐
╠═╣├─┤├─┘│  │ │║  ├─┤├┬┘ │
╩ ╩┴ ┴┴  ┴─┘└─┘╚═╝┴ ┴┴└─ ┴


Predicting sample: stdin
Using 1 threads
Processing sample 1 of 1
Mapping reads...
Reading GAM file pfy9UHo
Reads mapped
Done reading GAM file /tmp/pfy9UHo
Found 90 reads.
Removing PCR duplicates ...
PCR duplicates removed.
Computing haplogroup likelihoods from 90 reads.


#sample	predicted haplogroup	reads
stdin	T2	90
╦ ╦┌─┐┌─┐┬  ┌─┐╔═╗┌─┐┬─┐┌┬┐
╠═╣├─┤├─┘│  │ │║  ├─┤├┬┘ │
╩ ╩┴ ┴┴  ┴─┘└─┘╚═╝┴ ┴┴└─ ┴


Predicting sample: stdin
Using 1 threads
Processing sample 1 of 1
Mapping reads...
Reading GAM file seQuMl0
╦ ╦┌─┐┌─┐┬  ┌─┐╔═╗┌─┐┬─┐┌┬┐
╠═╣├─┤├─┘│  │ │║  ├─┤├┬┘ │
╩ ╩┴ ┴┴  ┴─┘└─┘╚═╝┴ ┴┴└─ ┴


Predicting sample: stdin
Using 1 threads
Processing sample 1 of 1
Mapping reads...
Reading GAM file Q4KZ0Za
Reads mapped
Done reading GAM file /tmp/seQuMl0
Found 90 reads.
Removing PCR duplicates ...
PCR duplicates removed.
Computing haplogroup likelihoods from 90 reads.
Reads mapped
Done reading GAM file /tmp/Q4KZ0Za
Found 90 reads.
Removing PCR duplicates ...
PCR duplicates removed.
Computing haplogroup likelihoods from 90 reads.


#sample	predicted haplogroup	reads
stdin	T2	90


#sample	predicted haplogroup	reads
stdin	T2	90
