╦ ╦┌─┐┌─┐┬  ┌─┐╔═╗┌─┐┬─┐┌┬┐
╠═╣├─┤├─┘│  │ │║  ├─┤├┬┘ │
╩ ╩┴ ┴┴  ┴─┘└─┘╚═╝┴ ┴┴└─ ┴


Predicting sample: stdin
Using 1 threads
Processing sample 1 of 1
Reading GAM file 0Tf08WC
Mapping reads...
Reads mapped
Done reading GAM file /tmp/0Tf08WC
Found 65 reads.
Removing PCR duplicates ...
PCR duplicates removed.
Computing haplogroup likelihoods from 65 reads.


#sample	predicted haplogroup	reads
stdin	T2b	65
╦ ╦┌─┐┌─┐┬  ┌─┐╔═╗┌─┐┬─┐┌┬┐
╠═╣├─┤├─┘│  │ │║  ├─┤├┬┘ │
╩ ╩┴ ┴┴  ┴─┘└─┘╚═╝┴ ┴┴└─ ┴


Predicting sample: stdin
Using 1 threads
Processing sample 1 of 1
Mapping reads...
Reading GAM file KvjHJU1
╦ ╦┌─┐┌─┐┬  ┌─┐╔═╗┌─┐┬─┐┌┬┐
╠═╣├─┤├─┘│  │ │║  ├─┤├┬┘ │
╩ ╩┴ ┴┴  ┴─┘└─┘╚═╝┴ ┴┴└─ ┴


Predicting sample: stdin
Using 1 threads
Processing sample 1 of 1
Mapping reads...
Reading GAM file sLr91j5
Reads mapped
Done reading GAM file /tmp/KvjHJU1
Found 65 reads.
Removing PCR duplicates ...
PCR duplicates removed.
Computing haplogroup likelihoods from 65 reads.
Reads mapped
Done reading GAM file /tmp/sLr91j5
Found 65 reads.
Removing PCR duplicates ...
PCR duplicates removed.
Computing haplogroup likelihoods from 65 reads.


#sample	predicted haplogroup	reads
stdin	T2b	65


#sample	predicted haplogroup	reads
stdin	T2b	65
