╦ ╦┌─┐┌─┐┬  ┌─┐╔═╗┌─┐┬─┐┌┬┐
╠═╣├─┤├─┘│  │ │║  ├─┤├┬┘ │
╩ ╩┴ ┴┴  ┴─┘└─┘╚═╝┴ ┴┴└─ ┴


Predicting sample: stdin
Using 1 threads
Processing sample 1 of 1
Mapping reads...
Reading GAM file ZY5eamA
Reads mapped
Done reading GAM file /tmp/ZY5eamA
Found 51 reads.
Removing PCR duplicates ...
PCR duplicates removed.
Computing haplogroup likelihoods from 51 reads.


#sample	predicted haplogroup	reads
stdin	J2	51
╦ ╦┌─┐┌─┐┬  ┌─┐╔═╗┌─┐┬─┐┌┬┐
╠═╣├─┤├─┘│  │ │║  ├─┤├┬┘ │
╩ ╩┴ ┴┴  ┴─┘└─┘╚═╝┴ ┴┴└─ ┴


Predicting sample: stdin
Using 1 threads
Processing sample 1 of 1
Mapping reads...
Reading GAM file ClhUUat
╦ ╦┌─┐┌─┐┬  ┌─┐╔═╗┌─┐┬─┐┌┬┐
╠═╣├─┤├─┘│  │ │║  ├─┤├┬┘ │
╩ ╩┴ ┴┴  ┴─┘└─┘╚═╝┴ ┴┴└─ ┴


Predicting sample: stdin
Using 1 threads
Reads mapped
Done reading GAM file /tmp/ClhUUat
Found 51 reads.
Removing PCR duplicates ...
PCR duplicates removed.
Computing haplogroup likelihoods from 51 reads.
Processing sample 1 of 1
Mapping reads...
Reading GAM file OF5CWup
Reads mapped
Done reading GAM file /tmp/OF5CWup
Found 51 reads.
Removing PCR duplicates ...
PCR duplicates removed.
Computing haplogroup likelihoods from 51 reads.


#sample	predicted haplogroup	reads
stdin	J2	51


#sample	predicted haplogroup	reads
stdin	J2	51
