╦ ╦┌─┐┌─┐┬  ┌─┐╔═╗┌─┐┬─┐┌┬┐
╠═╣├─┤├─┘│  │ │║  ├─┤├┬┘ │
╩ ╩┴ ┴┴  ┴─┘└─┘╚═╝┴ ┴┴└─ ┴


Predicting sample: stdin
Using 1 threads
╦ ╦┌─┐┌─┐┬  ┌─┐╔═╗┌─┐┬─┐┌┬┐
╠═╣├─┤├─┘│  │ │║  ├─┤├┬┘ │
╩ ╩┴ ┴┴  ┴─┘└─┘╚═╝┴ ┴┴└─ ┴


Predicting sample: stdin
Using 1 threads
Processing sample 1 of 1
Mapping reads...
Reading GAM file pv7aP4J
╦ ╦┌─┐┌─┐┬  ┌─┐╔═╗┌─┐┬─┐┌┬┐
╠═╣├─┤├─┘│  │ │║  ├─┤├┬┘ │
╩ ╩┴ ┴┴  ┴─┘└─┘╚═╝┴ ┴┴└─ ┴


Predicting sample: stdin
Using 1 threads
Processing sample 1 of 1
Mapping reads...
Reading GAM file 4PX2pKu
Reads mapped
Done reading GAM file /tmp/pv7aP4J
Found 332 reads.
Removing PCR duplicates ...
PCR duplicates removed.
Computing haplogroup likelihoods from 327 reads.
Reads mapped
Done reading GAM file /tmp/4PX2pKu
Found 332 reads.
Removing PCR duplicates ...
PCR duplicates removed.
Computing haplogroup likelihoods from 327 reads.


#sample	predicted haplogroup	reads
stdin	T2b	327


#sample	predicted haplogroup	reads
stdin	T2b	327
