╦ ╦┌─┐┌─┐┬  ┌─┐╔═╗┌─┐┬─┐┌┬┐
╠═╣├─┤├─┘│  │ │║  ├─┤├┬┘ │
╩ ╩┴ ┴┴  ┴─┘└─┘╚═╝┴ ┴┴└─ ┴


Predicting sample: stdin
Using 1 threads
╦ ╦┌─┐┌─┐┬  ┌─┐╔═╗┌─┐┬─┐┌┬┐
╠═╣├─┤├─┘│  │ │║  ├─┤├┬┘ │
╩ ╩┴ ┴┴  ┴─┘└─┘╚═╝┴ ┴┴└─ ┴


Predicting sample: stdin
Using 1 threads
Processing sample 1 of 1
Mapping reads...
Reading GAM file H8TLWA4
╦ ╦┌─┐┌─┐┬  ┌─┐╔═╗┌─┐┬─┐┌┬┐
╠═╣├─┤├─┘│  │ │║  ├─┤├┬┘ │
╩ ╩┴ ┴┴  ┴─┘└─┘╚═╝┴ ┴┴└─ ┴


Predicting sample: stdin
Using 1 threads
Processing sample 1 of 1
Mapping reads...
Reading GAM file tY3OrPY
Reads mapped
Done reading GAM file /tmp/H8TLWA4
Found 269 reads.
Removing PCR duplicates ...
PCR duplicates removed.
Computing haplogroup likelihoods from 266 reads.
Reads mapped
Done reading GAM file /tmp/tY3OrPY
Found 269 reads.
Removing PCR duplicates ...
PCR duplicates removed.
Computing haplogroup likelihoods from 266 reads.


#sample	predicted haplogroup	reads
stdin	T2b	266


#sample	predicted haplogroup	reads
stdin	T2b	266
