╦ ╦┌─┐┌─┐┬  ┌─┐╔═╗┌─┐┬─┐┌┬┐
╠═╣├─┤├─┘│  │ │║  ├─┤├┬┘ │
╩ ╩┴ ┴┴  ┴─┘└─┘╚═╝┴ ┴┴└─ ┴


Predicting sample: stdin
Using 1 threads
Processing sample 1 of 1
Mapping reads...
Reading GAM file D4jiOlf
Reads mapped
Done reading GAM file /tmp/D4jiOlf
Found 76 reads.
Removing PCR duplicates ...
PCR duplicates removed.
Computing haplogroup likelihoods from 76 reads.


#sample	predicted haplogroup	reads
stdin	H23	76
╦ ╦┌─┐┌─┐┬  ┌─┐╔═╗┌─┐┬─┐┌┬┐
╠═╣├─┤├─┘│  │ │║  ├─┤├┬┘ │
╩ ╩┴ ┴┴  ┴─┘└─┘╚═╝┴ ┴┴└─ ┴


Predicting sample: stdin
Using 1 threads
Processing sample 1 of 1
Mapping reads...
Reading GAM file azpmQdO
╦ ╦┌─┐┌─┐┬  ┌─┐╔═╗┌─┐┬─┐┌┬┐
╠═╣├─┤├─┘│  │ │║  ├─┤├┬┘ │
╩ ╩┴ ┴┴  ┴─┘└─┘╚═╝┴ ┴┴└─ ┴


Predicting sample: stdin
Using 1 threads
Processing sample 1 of 1
Mapping reads...
Reading GAM file bDFd2vJ
Reads mapped
Done reading GAM file /tmp/azpmQdO
Found 76 reads.
Removing PCR duplicates ...
PCR duplicates removed.
Computing haplogroup likelihoods from 76 reads.
Reads mapped
Done reading GAM file /tmp/bDFd2vJ
Found 76 reads.
Removing PCR duplicates ...
PCR duplicates removed.
Computing haplogroup likelihoods from 76 reads.


#sample	predicted haplogroup	reads
stdin	H23	76


#sample	predicted haplogroup	reads
stdin	H23	76
