╦ ╦┌─┐┌─┐┬  ┌─┐╔═╗┌─┐┬─┐┌┬┐
╠═╣├─┤├─┘│  │ │║  ├─┤├┬┘ │
╩ ╩┴ ┴┴  ┴─┘└─┘╚═╝┴ ┴┴└─ ┴


Predicting sample: stdin
Using 1 threads
Processing sample 1 of 1
Mapping reads...
Reading GAM file b0DWSUm
Reads mapped
Done reading GAM file /tmp/b0DWSUm
Found 34 reads.
Removing PCR duplicates ...
PCR duplicates removed.
Computing haplogroup likelihoods from 34 reads.


#sample	predicted haplogroup	reads
stdin	U6a6	34
╦ ╦┌─┐┌─┐┬  ┌─┐╔═╗┌─┐┬─┐┌┬┐
╠═╣├─┤├─┘│  │ │║  ├─┤├┬┘ │
╩ ╩┴ ┴┴  ┴─┘└─┘╚═╝┴ ┴┴└─ ┴


Predicting sample: stdin
Using 1 threads
Processing sample 1 of 1
Mapping reads...
Reading GAM file 6pioR3D
╦ ╦┌─┐┌─┐┬  ┌─┐╔═╗┌─┐┬─┐┌┬┐
╠═╣├─┤├─┘│  │ │║  ├─┤├┬┘ │
╩ ╩┴ ┴┴  ┴─┘└─┘╚═╝┴ ┴┴└─ ┴


Predicting sample: stdin
Using 1 threads
Reads mapped
Done reading GAM file /tmp/6pioR3D
Found 34 reads.
Removing PCR duplicates ...
PCR duplicates removed.
Computing haplogroup likelihoods from 34 reads.
Processing sample 1 of 1
Mapping reads...
Reading GAM file x1Z1vQ7


#sample	predicted haplogroup	reads
stdin	U6a6	34
Reads mapped
Done reading GAM file /tmp/x1Z1vQ7
Found 34 reads.
Removing PCR duplicates ...
PCR duplicates removed.
Computing haplogroup likelihoods from 34 reads.


#sample	predicted haplogroup	reads
stdin	U6a6	34
