╦ ╦┌─┐┌─┐┬  ┌─┐╔═╗┌─┐┬─┐┌┬┐
╠═╣├─┤├─┘│  │ │║  ├─┤├┬┘ │
╩ ╩┴ ┴┴  ┴─┘└─┘╚═╝┴ ┴┴└─ ┴


Predicting sample: stdin
Using 1 threads
╦ ╦┌─┐┌─┐┬  ┌─┐╔═╗┌─┐┬─┐┌┬┐
╠═╣├─┤├─┘│  │ │║  ├─┤├┬┘ │
╩ ╩┴ ┴┴  ┴─┘└─┘╚═╝┴ ┴┴└─ ┴


Predicting sample: stdin
Using 1 threads
Processing sample 1 of 1
Mapping reads...
Reading GAM file LTHmPiA
╦ ╦┌─┐┌─┐┬  ┌─┐╔═╗┌─┐┬─┐┌┬┐
╠═╣├─┤├─┘│  │ │║  ├─┤├┬┘ │
╩ ╩┴ ┴┴  ┴─┘└─┘╚═╝┴ ┴┴└─ ┴


Predicting sample: stdin
Using 1 threads
Processing sample 1 of 1
Mapping reads...
Reading GAM file NxuZcik
Reads mapped
Done reading GAM file /tmp/LTHmPiA
Found 301 reads.
Removing PCR duplicates ...
PCR duplicates removed.
Computing haplogroup likelihoods from 296 reads.
Reads mapped
Done reading GAM file /tmp/NxuZcik
Found 301 reads.
Removing PCR duplicates ...
PCR duplicates removed.
Computing haplogroup likelihoods from 296 reads.


#sample	predicted haplogroup	reads
stdin	H7	296


#sample	predicted haplogroup	reads
stdin	H7	296
