╦ ╦┌─┐┌─┐┬  ┌─┐╔═╗┌─┐┬─┐┌┬┐
╠═╣├─┤├─┘│  │ │║  ├─┤├┬┘ │
╩ ╩┴ ┴┴  ┴─┘└─┘╚═╝┴ ┴┴└─ ┴


Predicting sample: stdin
Using 1 threads
╦ ╦┌─┐┌─┐┬  ┌─┐╔═╗┌─┐┬─┐┌┬┐
╠═╣├─┤├─┘│  │ │║  ├─┤├┬┘ │
╩ ╩┴ ┴┴  ┴─┘└─┘╚═╝┴ ┴┴└─ ┴


Predicting sample: stdin
Using 1 threads
Processing sample 1 of 1
Mapping reads...
Reading GAM file PDtPBtl
╦ ╦┌─┐┌─┐┬  ┌─┐╔═╗┌─┐┬─┐┌┬┐
╠═╣├─┤├─┘│  │ │║  ├─┤├┬┘ │
╩ ╩┴ ┴┴  ┴─┘└─┘╚═╝┴ ┴┴└─ ┴


Predicting sample: stdin
Using 1 threads
Processing sample 1 of 1
Mapping reads...
Reading GAM file xE1J3WG
Reads mapped
Done reading GAM file /tmp/PDtPBtl
Found 157 reads.
Removing PCR duplicates ...
PCR duplicates removed.
Computing haplogroup likelihoods from 156 reads.
Reads mapped
Done reading GAM file /tmp/xE1J3WG
Found 157 reads.
Removing PCR duplicates ...
PCR duplicates removed.
Computing haplogroup likelihoods from 156 reads.


#sample	predicted haplogroup	reads
stdin	H23	156


#sample	predicted haplogroup	reads
stdin	H23	156
